#
# A fatal error has been detected by the Java Runtime Environment:
#
#  SIGSEGV (0xb) at pc=0x000000012424c3fd, pid=3891, tid=1811
#
# JRE version: Java(TM) SE Runtime Environment (8.0_25-b17) (build 1.8.0_25-b17)
# Java VM: Java HotSpot(TM) 64-Bit Server VM (25.25-b02 mixed mode bsd-amd64 compressed oops)
# Problematic frame:
# C  [libglass.dylib+0x163fd]  GlassScreenDidChangeScreenParameters+0x9d
#
# Failed to write core dump. Core dumps have been disabled. To enable core dumping, try "ulimit -c unlimited" before starting Java again
#
# If you would like to submit a bug report, please visit:
#   http://bugreport.sun.com/bugreport/crash.jsp
#

---------------  T H R E A D  ---------------

Current thread is native thread

siginfo: si_signo: 11 (SIGSEGV), si_code: 1 (SEGV_MAPERR), si_addr: 0x0000000000000000

Registers:
RAX=0x000000012427ee40, RBX=0x0000000000000000, RCX=0xa800b8e5f7ee83f0, RDX=0x00007f8389d99250
RSP=0x00007fff53331120, RBP=0x00007fff53331130, RSI=0x00007f8389e1e8e8, RDI=0x0000000000000000
R8 =0x00007fff53330fd0, R9 =0x00007fff76a35300, R10=0x0000000000000000, R11=0x0000000000000246
R12=0x00007f8389e24ca0, R13=0x00000000000f4268, R14=0x00007f8389c4c030, R15=0x00007fff53331270
RIP=0x000000012424c3fd, EFLAGS=0x0000000000010206, ERR=0x0000000000000004
  TRAPNO=0x000000000000000e

Top of Stack: (sp=0x00007fff53331120)
0x00007fff53331120:   00007fff53331300 00007f8389c4c030
0x00007fff53331130:   00007fff53331140 00007fff8e268cbc
0x00007fff53331140:   00007fff533314a0 00007fff8e15a1b4
0x00007fff53331150:   00007f838c377240 0000000000000a00
0x00007fff53331160:   000000010c8e6000 00007f838c6fc080
0x00007fff53331170:   0000000000001001 0000000000000900
0x00007fff53331180:   0000000000000004 00007f8389c4c030
0x00007fff53331190:   0000000000000000 00007fff53331270
0x00007fff533311a0:   0000000000000000 00007f8389c4bff0
0x00007fff533311b0:   00007fff533312f0 0000000000000060
0x00007fff533311c0:   00000000000f430a 00007f8389f25620
0x00007fff533311d0:   00007f8389f1ab50 00007f8389e24ca0
0x00007fff533311e0:   0000000000000001 00000000000f4268
0x00007fff533311f0:   00007f8389e24c90 00007fff953baacb
0x00007fff53331200:   0000000000000001 0000000000000001
0x00007fff53331210:   0000000000000030 0000000000000001
0x00007fff53331220:   00007fff53331240 00007fff953c0231
0x00007fff53331230:   00007fff77421dd0 0000000000000000
0x00007fff53331240:   00007fff53331260 000000000000000b
0x00007fff53331250:   0001e40300000000 00007f8389e24cc4
0x00007fff53331260:   0000000000000000 00007fff8e14fc8f
0x00007fff53331270:   00007f8389c4c030 00007fff77421dd0
0x00007fff53331280:   00007fff53331300 00007fff8e1587bf
0x00007fff53331290:   00007fff53331304 0000000000443c01
0x00007fff533312a0:   000000010c8e9a00 0000000000000002
0x00007fff533312b0:   000000010c8e6000 00007f838c329c32
0x00007fff533312c0:   0000000000000003 000000010c8ea400
0x00007fff533312d0:   00007fff533313c0 00007fff953b92a2
0x00007fff533312e0:   00007f8389e63b70 00007fff533314a8
0x00007fff533312f0:   0000000000000017 0000000000000000
0x00007fff53331300:   00000000000f4268 00007fff8e14ff83
0x00007fff53331310:   00007fff00000000 00007f8389f1e9f0 

Instructions: (pc=0x000000012424c3fd)
0x000000012424c3dd:   89 df 4c 89 f1 41 ff 90 68 04 00 00 48 8d 05 58
0x000000012424c3ed:   29 03 00 48 8b 30 48 8d 05 46 2a 03 00 48 8b 10
0x000000012424c3fd:   48 8b 0b 30 c0 48 89 df ff 91 68 04 00 00 48 8b
0x000000012424c40d:   03 48 89 df ff 50 78 48 85 c0 74 36 49 89 c6 48 

Register to memory mapping:

RAX=0x000000012427ee40: jScreenNotifySettingsChanged+0 in /Library/Java/JavaVirtualMachines/jdk1.8.0_25.jdk/Contents/Home/jre/lib/libglass.dylib at 0x0000000124236000
RBX=0x0000000000000000 is an unknown value
RCX=0xa800b8e5f7ee83f0 is an unknown value
RDX=0x00007f8389d99250 is an unknown value
RSP=0x00007fff53331120 is an unknown value
RBP=0x00007fff53331130 is an unknown value
RSI=0x00007f8389e1e8e8 is a global jni handle
RDI=0x0000000000000000 is an unknown value
R8 =0x00007fff53330fd0 is an unknown value
R9 =0x00007fff76a35300: _thread+0 in /usr/lib/system/libsystem_pthread.dylib at 0x00007fff8acb4000
R10=0x0000000000000000 is an unknown value
R11=0x0000000000000246 is an unknown value
R12=0x00007f8389e24ca0 is an unknown value
R13=0x00000000000f4268 is an unknown value
R14=0x00007f8389c4c030 is an unknown value
R15=0x00007fff53331270 is an unknown value


Stack: [0x00007fff52b34000,0x00007fff53334000],  sp=0x00007fff53331120,  free space=8180k
Native frames: (J=compiled Java code, j=interpreted, Vv=VM code, C=native code)
C  [libglass.dylib+0x163fd]  GlassScreenDidChangeScreenParameters+0x9d
C  [CoreFoundation+0x11ecbc]  __CFNOTIFICATIONCENTER_IS_CALLING_OUT_TO_AN_OBSERVER__+0xc
C  [CoreFoundation+0x101b4]  _CFXNotificationPost+0xc44
C  [Foundation+0x2ea1]  -[NSNotificationCenter postNotificationName:object:userInfo:]+0x42
C  [AppKit+0x362dee]  -[NSApplication _reactToScreenInvalidationImmediately:]+0x17b
C  [AppKit+0x362c2d]  __44-[NSApplication _reactToScreenInvalidation:]_block_invoke+0x4b
C  [CoreFoundation+0x8054c]  __CFRUNLOOP_IS_CALLING_OUT_TO_A_BLOCK__+0xc
C  [CoreFoundation+0x72655]  __CFRunLoopDoBlocks+0x155
C  [CoreFoundation+0x72196]  __CFRunLoopRun+0x716
C  [CoreFoundation+0x71838]  CFRunLoopRunSpecific+0x128
C  [java+0x56cc]  CreateExecutionEnvironment+0x367
C  [java+0x165c]  JLI_Launch+0x7a0
C  [java+0x768a]  main+0x65
C  [java+0xeb4]  start+0x34


---------------  P R O C E S S  ---------------

VM state:at safepoint (normal execution)

VM Mutex/Monitor currently owned by a thread:  ([mutex/lock_event])
[0x00007f8389f028a0] Threads_lock - owner thread: 0x00007f838b043000
[0x00007f8389f02da0] Heap_lock - owner thread: 0x00007f838a8e1000

Heap:
 PSYoungGen      total 18944K, used 6008K [0x00000007aab00000, 0x00000007ad000000, 0x00000007c0000000)
  eden space 16384K, 21% used [0x00000007aab00000,0x00000007aae61fe8,0x00000007abb00000)
  from space 2560K, 99% used [0x00000007abd80000,0x00000007abffc030,0x00000007ac000000)
  to   space 2560K, 0% used [0x00000007abb00000,0x00000007abb00000,0x00000007abd80000)
 ParOldGen       total 44032K, used 2420K [0x0000000780000000, 0x0000000782b00000, 0x00000007aab00000)
  object space 44032K, 5% used [0x0000000780000000,0x000000078025d390,0x0000000782b00000)
 Metaspace       used 15421K, capacity 16004K, committed 16256K, reserved 1062912K
  class space    used 2291K, capacity 2424K, committed 2432K, reserved 1048576K

Card table byte_map: [0x000000011d6c3000,0x000000011d8c4000] byte_map_base: 0x0000000119ac3000

Marking Bits: (ParMarkBitMap*) 0x000000010d26c390
 Begin Bits: [0x000000011de26000, 0x000000011ee26000)
 End Bits:   [0x000000011ee26000, 0x000000011fe26000)

Polling page: 0x000000010d944000

CodeCache: size=245760Kb used=4468Kb max_used=4468Kb free=241291Kb
 bounds [0x000000010e303000, 0x000000010e763000, 0x000000011d303000]
 total_blobs=1965 nmethods=1348 adapters=531
 compilation: enabled

Compilation events (10 events):
Event: 4.380 Thread 0x00007f838a02d000 1343       1       java.lang.invoke.InnerClassLambdaMetafactory::access$400 (5 bytes)
Event: 4.380 Thread 0x00007f838a02d000 nmethod 1343 0x000000010e75e390 code [0x000000010e75e4e0, 0x000000010e75e5d0]
Event: 4.384 Thread 0x00007f838a02d000 1344       3       sun.invoke.util.VerifyAccess::isMemberAccessible (261 bytes)
Event: 4.386 Thread 0x00007f838a02d000 nmethod 1344 0x000000010e75e9d0 code [0x000000010e75eca0, 0x000000010e7601f8]
Event: 4.387 Thread 0x00007f838a02d000 1346       3       java.lang.invoke.MethodHandles$Lookup::<init> (15 bytes)
Event: 4.388 Thread 0x00007f838a02d000 nmethod 1346 0x000000010e760a10 code [0x000000010e760b80, 0x000000010e760d50]
Event: 4.388 Thread 0x00007f838a02d000 1347       3       java.lang.invoke.MethodHandleNatives::refKindIsMethod (19 bytes)
Event: 4.388 Thread 0x00007f838a02d000 nmethod 1347 0x000000010e760e10 code [0x000000010e760f80, 0x000000010e761210]
Event: 4.388 Thread 0x00007f838a02d000 1348       3       java.lang.invoke.DirectMethodHandle::shouldBeInitialized (123 bytes)
Event: 4.389 Thread 0x00007f838a02d000 nmethod 1348 0x000000010e7612d0 code [0x000000010e7614a0, 0x000000010e761bc8]

GC Heap History (4 events):
Event: 0.996 GC heap before
{Heap before GC invocations=1 (full 0):
 PSYoungGen      total 18944K, used 16384K [0x00000007aab00000, 0x00000007ac000000, 0x00000007c0000000)
  eden space 16384K, 100% used [0x00000007aab00000,0x00000007abb00000,0x00000007abb00000)
  from space 2560K, 0% used [0x00000007abd80000,0x00000007abd80000,0x00000007ac000000)
  to   space 2560K, 0% used [0x00000007abb00000,0x00000007abb00000,0x00000007abd80000)
 ParOldGen       total 44032K, used 0K [0x0000000780000000, 0x0000000782b00000, 0x00000007aab00000)
  object space 44032K, 0% used [0x0000000780000000,0x0000000780000000,0x0000000782b00000)
 Metaspace       used 9619K, capacity 9924K, committed 10240K, reserved 1058816K
  class space    used 1201K, capacity 1270K, committed 1280K, reserved 1048576K
Event: 1.003 GC heap after
Heap after GC invocations=1 (full 0):
 PSYoungGen      total 18944K, used 2528K [0x00000007aab00000, 0x00000007ac000000, 0x00000007c0000000)
  eden space 16384K, 0% used [0x00000007aab00000,0x00000007aab00000,0x00000007abb00000)
  from space 2560K, 98% used [0x00000007abb00000,0x00000007abd78020,0x00000007abd80000)
  to   space 2560K, 0% used [0x00000007abd80000,0x00000007abd80000,0x00000007ac000000)
 ParOldGen       total 44032K, used 528K [0x0000000780000000, 0x0000000782b00000, 0x00000007aab00000)
  object space 44032K, 1% used [0x0000000780000000,0x0000000780084010,0x0000000782b00000)
 Metaspace       used 9619K, capacity 9924K, committed 10240K, reserved 1058816K
  class space    used 1201K, capacity 1270K, committed 1280K, reserved 1048576K
}
Event: 1.933 GC heap before
{Heap before GC invocations=2 (full 0):
 PSYoungGen      total 18944K, used 18912K [0x00000007aab00000, 0x00000007ac000000, 0x00000007c0000000)
  eden space 16384K, 100% used [0x00000007aab00000,0x00000007abb00000,0x00000007abb00000)
  from space 2560K, 98% used [0x00000007abb00000,0x00000007abd78020,0x00000007abd80000)
  to   space 2560K, 0% used [0x00000007abd80000,0x00000007abd80000,0x00000007ac000000)
 ParOldGen       total 44032K, used 528K [0x0000000780000000, 0x0000000782b00000, 0x00000007aab00000)
  object space 44032K, 1% used [0x0000000780000000,0x0000000780084010,0x0000000782b00000)
 Metaspace       used 15164K, capacity 15668K, committed 16000K, reserved 1062912K
  class space    used 2252K, capacity 2338K, committed 2432K, reserved 1048576K
Event: 1.947 GC heap after
Heap after GC invocations=2 (full 0):
 PSYoungGen      total 18944K, used 2544K [0x00000007aab00000, 0x00000007ad000000, 0x00000007c0000000)
  eden space 16384K, 0% used [0x00000007aab00000,0x00000007aab00000,0x00000007abb00000)
  from space 2560K, 99% used [0x00000007abd80000,0x00000007abffc030,0x00000007ac000000)
  to   space 2560K, 0% used [0x00000007abb00000,0x00000007abb00000,0x00000007abd80000)
 ParOldGen       total 44032K, used 2420K [0x0000000780000000, 0x0000000782b00000, 0x00000007aab00000)
  object space 44032K, 5% used [0x0000000780000000,0x000000078025d390,0x0000000782b00000)
 Metaspace       used 15164K, capacity 15668K, committed 16000K, reserved 1062912K
  class space    used 2252K, capacity 2338K, committed 2432K, reserved 1048576K
}

Deoptimization events (10 events):
Event: 1.224 Thread 0x00007f838b17e000 Uncommon trap: reason=class_check action=maybe_recompile pc=0x000000010e53c910 method=java.io.DataInputStream.readShort()S @ 4
Event: 1.224 Thread 0x00007f838b17e000 Uncommon trap: reason=class_check action=maybe_recompile pc=0x000000010e53c910 method=java.io.DataInputStream.readShort()S @ 4
Event: 1.225 Thread 0x00007f838b17e000 Uncommon trap: reason=class_check action=maybe_recompile pc=0x000000010e53c910 method=java.io.DataInputStream.readShort()S @ 4
Event: 1.225 Thread 0x00007f838b17e000 Uncommon trap: reason=class_check action=maybe_recompile pc=0x000000010e53c910 method=java.io.DataInputStream.readShort()S @ 4
Event: 1.232 Thread 0x00007f838b17e000 Uncommon trap: reason=class_check action=maybe_recompile pc=0x000000010e429e9c method=java.lang.String.equals(Ljava/lang/Object;)Z @ 8
Event: 1.232 Thread 0x00007f838b17e000 Uncommon trap: reason=class_check action=maybe_recompile pc=0x000000010e429e9c method=java.lang.String.equals(Ljava/lang/Object;)Z @ 8
Event: 1.232 Thread 0x00007f838b17e000 Uncommon trap: reason=class_check action=maybe_recompile pc=0x000000010e429e9c method=java.lang.String.equals(Ljava/lang/Object;)Z @ 8
Event: 1.235 Thread 0x00007f838b17e000 Uncommon trap: reason=class_check action=maybe_recompile pc=0x000000010e429e9c method=java.lang.String.equals(Ljava/lang/Object;)Z @ 8
Event: 1.502 Thread 0x00007f838b17e000 Uncommon trap: reason=unloaded action=reinterpret pc=0x000000010e529658 method=java.lang.CharacterData.of(I)Ljava/lang/CharacterData; @ 96
Event: 1.662 Thread 0x00007f838b17e000 Uncommon trap: reason=bimorphic action=maybe_recompile pc=0x000000010e63aab8 method=java.util.HashMap.putVal(ILjava/lang/Object;Ljava/lang/Object;ZZ)Ljava/lang/Object; @ 203

Internal exceptions (10 events):
Event: 1.630 Thread 0x00007f838b17e000 Exception <a 'java/security/PrivilegedActionException'> (0x00000007ab57c8c8) thrown at [/HUDSON3/workspace/8-2-build-macosx-x86_64/jdk8u25/1514/hotspot/src/share/vm/prims/jvm.cpp, line 1312]
Event: 1.630 Thread 0x00007f838b17e000 Exception <a 'java/security/PrivilegedActionException'> (0x00000007ab57d858) thrown at [/HUDSON3/workspace/8-2-build-macosx-x86_64/jdk8u25/1514/hotspot/src/share/vm/prims/jvm.cpp, line 1312]
Event: 1.648 Thread 0x00007f838b17e000 Exception <a 'java/security/PrivilegedActionException'> (0x00000007ab629130) thrown at [/HUDSON3/workspace/8-2-build-macosx-x86_64/jdk8u25/1514/hotspot/src/share/vm/prims/jvm.cpp, line 1312]
Event: 1.649 Thread 0x00007f838b17e000 Exception <a 'java/security/PrivilegedActionException'> (0x00000007ab62a198) thrown at [/HUDSON3/workspace/8-2-build-macosx-x86_64/jdk8u25/1514/hotspot/src/share/vm/prims/jvm.cpp, line 1312]
Event: 1.680 Thread 0x00007f838b17e000 Exception <a 'java/security/PrivilegedActionException'> (0x00000007ab6d3f38) thrown at [/HUDSON3/workspace/8-2-build-macosx-x86_64/jdk8u25/1514/hotspot/src/share/vm/prims/jvm.cpp, line 1312]
Event: 1.680 Thread 0x00007f838b17e000 Exception <a 'java/security/PrivilegedActionException'> (0x00000007ab6d5018) thrown at [/HUDSON3/workspace/8-2-build-macosx-x86_64/jdk8u25/1514/hotspot/src/share/vm/prims/jvm.cpp, line 1312]
Event: 1.690 Thread 0x00007f838b17e000 Exception <a 'java/security/PrivilegedActionException'> (0x00000007ab72d4e0) thrown at [/HUDSON3/workspace/8-2-build-macosx-x86_64/jdk8u25/1514/hotspot/src/share/vm/prims/jvm.cpp, line 1312]
Event: 1.690 Thread 0x00007f838b17e000 Exception <a 'java/security/PrivilegedActionException'> (0x00000007ab72e578) thrown at [/HUDSON3/workspace/8-2-build-macosx-x86_64/jdk8u25/1514/hotspot/src/share/vm/prims/jvm.cpp, line 1312]
Event: 1.710 Thread 0x00007f838b17e000 Exception <a 'java/security/PrivilegedActionException'> (0x00000007ab790cd8) thrown at [/HUDSON3/workspace/8-2-build-macosx-x86_64/jdk8u25/1514/hotspot/src/share/vm/prims/jvm.cpp, line 1312]
Event: 1.710 Thread 0x00007f838b17e000 Exception <a 'java/security/PrivilegedActionException'> (0x00000007ab7921e0) thrown at [/HUDSON3/workspace/8-2-build-macosx-x86_64/jdk8u25/1514/hotspot/src/share/vm/prims/jvm.cpp, line 1312]

Events (10 events):
Event: 4.388 Thread 0x00007f838b005800 Thread exited: 0x00007f838b005800
Event: 4.388 Thread 0x00007f838a8e1000 Thread added: 0x00007f838a8e1000
Event: 4.388 Thread 0x00007f838b17e000 Thread exited: 0x00007f838b17e000
Event: 4.388 loading class java/util/IdentityHashMap$KeySet
Event: 4.388 loading class java/util/IdentityHashMap$KeySet done
Event: 4.389 loading class java/util/IdentityHashMap$KeyIterator
Event: 4.389 loading class java/util/IdentityHashMap$IdentityHashMapIterator
Event: 4.389 loading class java/util/IdentityHashMap$IdentityHashMapIterator done
Event: 4.389 loading class java/util/IdentityHashMap$KeyIterator done
Event: 4.389 Thread 0x00007f838a8e1000 Thread exited: 0x00007f838a8e1000


Dynamic libraries:
0x0000000005edf000 	/System/Library/Frameworks/Cocoa.framework/Versions/A/Cocoa
0x0000000005edf000 	/System/Library/Frameworks/Security.framework/Versions/A/Security
0x0000000005edf000 	/System/Library/Frameworks/ApplicationServices.framework/Versions/A/ApplicationServices
0x0000000005edf000 	/usr/lib/libz.1.dylib
0x0000000005edf000 	/usr/lib/libSystem.B.dylib
0x0000000005edf000 	/usr/lib/libobjc.A.dylib
0x0000000005edf000 	/System/Library/Frameworks/CoreFoundation.framework/Versions/A/CoreFoundation
0x0000000005edf000 	/System/Library/Frameworks/Foundation.framework/Versions/C/Foundation
0x0000000005edf000 	/System/Library/Frameworks/AppKit.framework/Versions/C/AppKit
0x0000000005edf000 	/System/Library/Frameworks/CoreData.framework/Versions/A/CoreData
0x0000000005edf000 	/System/Library/PrivateFrameworks/RemoteViewServices.framework/Versions/A/RemoteViewServices
0x0000000005edf000 	/System/Library/PrivateFrameworks/UIFoundation.framework/Versions/A/UIFoundation
0x0000000005edf000 	/System/Library/Frameworks/IOSurface.framework/Versions/A/IOSurface
0x0000000005edf000 	/System/Library/Frameworks/AudioToolbox.framework/Versions/A/AudioToolbox
0x0000000005edf000 	/System/Library/Frameworks/AudioUnit.framework/Versions/A/AudioUnit
0x0000000005edf000 	/System/Library/PrivateFrameworks/DataDetectorsCore.framework/Versions/A/DataDetectorsCore
0x0000000005edf000 	/System/Library/PrivateFrameworks/DesktopServicesPriv.framework/Versions/A/DesktopServicesPriv
0x0000000005edf000 	/System/Library/Frameworks/Carbon.framework/Versions/A/Frameworks/HIToolbox.framework/Versions/A/HIToolbox
0x0000000005edf000 	/System/Library/Frameworks/QuartzCore.framework/Versions/A/QuartzCore
0x0000000005edf000 	/System/Library/Frameworks/Carbon.framework/Versions/A/Frameworks/SpeechRecognition.framework/Versions/A/SpeechRecognition
0x0000000005edf000 	/usr/lib/libauto.dylib
0x0000000005edf000 	/usr/lib/libicucore.A.dylib
0x0000000005edf000 	/usr/lib/libxml2.2.dylib
0x0000000005edf000 	/System/Library/PrivateFrameworks/CoreUI.framework/Versions/A/CoreUI
0x0000000005edf000 	/System/Library/Frameworks/CoreAudio.framework/Versions/A/CoreAudio
0x0000000005edf000 	/System/Library/Frameworks/DiskArbitration.framework/Versions/A/DiskArbitration
0x0000000005edf000 	/usr/lib/liblangid.dylib
0x0000000005edf000 	/System/Library/PrivateFrameworks/MultitouchSupport.framework/Versions/A/MultitouchSupport
0x0000000005edf000 	/System/Library/Frameworks/IOKit.framework/Versions/A/IOKit
0x0000000005edf000 	/usr/lib/libDiagnosticMessagesClient.dylib
0x0000000005edf000 	/System/Library/Frameworks/CoreServices.framework/Versions/A/CoreServices
0x0000000005edf000 	/System/Library/PrivateFrameworks/PerformanceAnalysis.framework/Versions/A/PerformanceAnalysis
0x0000000005edf000 	/System/Library/PrivateFrameworks/GenerationalStorage.framework/Versions/A/GenerationalStorage
0x0000000005edf000 	/System/Library/Frameworks/OpenGL.framework/Versions/A/OpenGL
0x0000000005edf000 	/System/Library/PrivateFrameworks/Sharing.framework/Versions/A/Sharing
0x0000000005edf000 	/System/Library/Frameworks/CoreGraphics.framework/Versions/A/CoreGraphics
0x0000000005edf000 	/System/Library/Frameworks/CoreText.framework/Versions/A/CoreText
0x0000000005edf000 	/System/Library/Frameworks/ImageIO.framework/Versions/A/ImageIO
0x0000000005edf000 	/usr/lib/libextension.dylib
0x0000000005edf000 	/System/Library/PrivateFrameworks/Backup.framework/Versions/A/Backup
0x0000000005edf000 	/usr/lib/libarchive.2.dylib
0x0000000005edf000 	/System/Library/Frameworks/CFNetwork.framework/Versions/A/CFNetwork
0x0000000005edf000 	/System/Library/Frameworks/SystemConfiguration.framework/Versions/A/SystemConfiguration
0x0000000005edf000 	/usr/lib/libCRFSuite.dylib
0x0000000005edf000 	/usr/lib/libc++.1.dylib
0x0000000005edf000 	/usr/lib/libc++abi.dylib
0x0000000005edf000 	/usr/lib/system/libcache.dylib
0x0000000005edf000 	/usr/lib/system/libcommonCrypto.dylib
0x0000000005edf000 	/usr/lib/system/libcompiler_rt.dylib
0x0000000005edf000 	/usr/lib/system/libcopyfile.dylib
0x0000000005edf000 	/usr/lib/system/libcorecrypto.dylib
0x0000000005edf000 	/usr/lib/system/libdispatch.dylib
0x0000000005edf000 	/usr/lib/system/libdyld.dylib
0x0000000005edf000 	/usr/lib/system/libkeymgr.dylib
0x0000000005edf000 	/usr/lib/system/liblaunch.dylib
0x0000000005edf000 	/usr/lib/system/libmacho.dylib
0x0000000005edf000 	/usr/lib/system/libquarantine.dylib
0x0000000005edf000 	/usr/lib/system/libremovefile.dylib
0x0000000005edf000 	/usr/lib/system/libsystem_asl.dylib
0x0000000005edf000 	/usr/lib/system/libsystem_blocks.dylib
0x0000000005edf000 	/usr/lib/system/libsystem_c.dylib
0x0000000005edf000 	/usr/lib/system/libsystem_configuration.dylib
0x0000000005edf000 	/usr/lib/system/libsystem_coreservices.dylib
0x0000000005edf000 	/usr/lib/system/libsystem_coretls.dylib
0x0000000005edf000 	/usr/lib/system/libsystem_dnssd.dylib
0x0000000005edf000 	/usr/lib/system/libsystem_info.dylib
0x0000000005edf000 	/usr/lib/system/libsystem_kernel.dylib
0x0000000005edf000 	/usr/lib/system/libsystem_m.dylib
0x0000000005edf000 	/usr/lib/system/libsystem_malloc.dylib
0x0000000005edf000 	/usr/lib/system/libsystem_network.dylib
0x0000000005edf000 	/usr/lib/system/libsystem_networkextension.dylib
0x0000000005edf000 	/usr/lib/system/libsystem_notify.dylib
0x0000000005edf000 	/usr/lib/system/libsystem_platform.dylib
0x0000000005edf000 	/usr/lib/system/libsystem_pthread.dylib
0x0000000005edf000 	/usr/lib/system/libsystem_sandbox.dylib
0x0000000005edf000 	/usr/lib/system/libsystem_secinit.dylib
0x0000000005edf000 	/usr/lib/system/libsystem_stats.dylib
0x0000000005edf000 	/usr/lib/system/libsystem_trace.dylib
0x0000000005edf000 	/usr/lib/system/libunc.dylib
0x0000000005edf000 	/usr/lib/system/libunwind.dylib
0x0000000005edf000 	/usr/lib/system/libxpc.dylib
0x0000000005edf000 	/usr/lib/libbz2.1.0.dylib
0x0000000005edf000 	/usr/lib/liblzma.5.dylib
0x0000000005edf000 	/usr/lib/libbsm.0.dylib
0x0000000005edf000 	/usr/lib/libsqlite3.dylib
0x0000000005edf000 	/usr/lib/system/libkxld.dylib
0x0000000005edf000 	/usr/lib/libxar.1.dylib
0x0000000005edf000 	/usr/lib/libpam.2.dylib
0x0000000005edf000 	/usr/lib/libOpenScriptingUtil.dylib
0x0000000005edf000 	/System/Library/Frameworks/CoreServices.framework/Versions/A/Frameworks/FSEvents.framework/Versions/A/FSEvents
0x0000000005edf000 	/System/Library/Frameworks/CoreServices.framework/Versions/A/Frameworks/CarbonCore.framework/Versions/A/CarbonCore
0x0000000005edf000 	/System/Library/Frameworks/CoreServices.framework/Versions/A/Frameworks/Metadata.framework/Versions/A/Metadata
0x0000000005edf000 	/System/Library/Frameworks/CoreServices.framework/Versions/A/Frameworks/OSServices.framework/Versions/A/OSServices
0x0000000005edf000 	/System/Library/Frameworks/CoreServices.framework/Versions/A/Frameworks/SearchKit.framework/Versions/A/SearchKit
0x0000000005edf000 	/System/Library/Frameworks/CoreServices.framework/Versions/A/Frameworks/AE.framework/Versions/A/AE
0x0000000005edf000 	/System/Library/Frameworks/CoreServices.framework/Versions/A/Frameworks/LaunchServices.framework/Versions/A/LaunchServices
0x0000000005edf000 	/System/Library/Frameworks/CoreServices.framework/Versions/A/Frameworks/DictionaryServices.framework/Versions/A/DictionaryServices
0x0000000005edf000 	/System/Library/Frameworks/NetFS.framework/Versions/A/NetFS
0x0000000005edf000 	/System/Library/PrivateFrameworks/NetAuth.framework/Versions/A/NetAuth
0x0000000005edf000 	/System/Library/PrivateFrameworks/login.framework/Versions/A/Frameworks/loginsupport.framework/Versions/A/loginsupport
0x0000000005edf000 	/System/Library/PrivateFrameworks/TCC.framework/Versions/A/TCC
0x0000000005edf000 	/usr/lib/libmecabra.dylib
0x0000000005edf000 	/System/Library/PrivateFrameworks/LanguageModeling.framework/Versions/A/LanguageModeling
0x0000000005edf000 	/usr/lib/libcmph.dylib
0x0000000005edf000 	/usr/lib/libiconv.2.dylib
0x0000000005edf000 	/System/Library/Frameworks/OpenDirectory.framework/Versions/A/Frameworks/CFOpenDirectory.framework/Versions/A/CFOpenDirectory
0x0000000005edf000 	/System/Library/Frameworks/ServiceManagement.framework/Versions/A/ServiceManagement
0x0000000005edf000 	/usr/lib/libxslt.1.dylib
0x0000000005edf000 	/System/Library/Frameworks/Carbon.framework/Versions/A/Frameworks/Ink.framework/Versions/A/Ink
0x0000000005edf000 	/System/Library/Frameworks/ApplicationServices.framework/Versions/A/Frameworks/ATS.framework/Versions/A/ATS
0x0000000005edf000 	/System/Library/Frameworks/ApplicationServices.framework/Versions/A/Frameworks/ColorSync.framework/Versions/A/ColorSync
0x0000000005edf000 	/System/Library/Frameworks/ApplicationServices.framework/Versions/A/Frameworks/HIServices.framework/Versions/A/HIServices
0x0000000005edf000 	/System/Library/Frameworks/ApplicationServices.framework/Versions/A/Frameworks/LangAnalysis.framework/Versions/A/LangAnalysis
0x0000000005edf000 	/System/Library/Frameworks/ApplicationServices.framework/Versions/A/Frameworks/PrintCore.framework/Versions/A/PrintCore
0x0000000005edf000 	/System/Library/Frameworks/ApplicationServices.framework/Versions/A/Frameworks/QD.framework/Versions/A/QD
0x0000000005edf000 	/System/Library/Frameworks/ApplicationServices.framework/Versions/A/Frameworks/SpeechSynthesis.framework/Versions/A/SpeechSynthesis
0x0000000005edf000 	/System/Library/Frameworks/Accelerate.framework/Versions/A/Accelerate
0x0000000005edf000 	/System/Library/Frameworks/Accelerate.framework/Versions/A/Frameworks/vImage.framework/Versions/A/vImage
0x0000000005edf000 	/System/Library/Frameworks/Accelerate.framework/Versions/A/Frameworks/vecLib.framework/Versions/A/vecLib
0x0000000005edf000 	/System/Library/Frameworks/Accelerate.framework/Versions/A/Frameworks/vecLib.framework/Versions/A/libvDSP.dylib
0x0000000005edf000 	/System/Library/Frameworks/Accelerate.framework/Versions/A/Frameworks/vecLib.framework/Versions/A/libvMisc.dylib
0x0000000005edf000 	/System/Library/Frameworks/Accelerate.framework/Versions/A/Frameworks/vecLib.framework/Versions/A/libLAPACK.dylib
0x0000000005edf000 	/System/Library/Frameworks/Accelerate.framework/Versions/A/Frameworks/vecLib.framework/Versions/A/libBLAS.dylib
0x0000000005edf000 	/System/Library/Frameworks/Accelerate.framework/Versions/A/Frameworks/vecLib.framework/Versions/A/libLinearAlgebra.dylib
0x0000000005edf000 	/System/Library/Frameworks/ApplicationServices.framework/Versions/A/Frameworks/ATS.framework/Versions/A/Resources/libFontParser.dylib
0x0000000005edf000 	/System/Library/Frameworks/ApplicationServices.framework/Versions/A/Frameworks/ATS.framework/Versions/A/Resources/libFontRegistry.dylib
0x0000000005edf000 	/System/Library/PrivateFrameworks/AppleVPA.framework/Versions/A/AppleVPA
0x0000000005edf000 	/System/Library/PrivateFrameworks/AppleJPEG.framework/Versions/A/AppleJPEG
0x0000000005edf000 	/System/Library/Frameworks/ImageIO.framework/Versions/A/Resources/libJPEG.dylib
0x0000000005edf000 	/System/Library/Frameworks/ImageIO.framework/Versions/A/Resources/libTIFF.dylib
0x0000000005edf000 	/System/Library/Frameworks/ImageIO.framework/Versions/A/Resources/libPng.dylib
0x0000000005edf000 	/System/Library/Frameworks/ImageIO.framework/Versions/A/Resources/libGIF.dylib
0x0000000005edf000 	/System/Library/Frameworks/ImageIO.framework/Versions/A/Resources/libJP2.dylib
0x0000000005edf000 	/System/Library/Frameworks/ImageIO.framework/Versions/A/Resources/libRadiance.dylib
0x0000000005edf000 	/System/Library/Frameworks/CoreVideo.framework/Versions/A/CoreVideo
0x0000000005edf000 	/System/Library/Frameworks/OpenGL.framework/Versions/A/Libraries/libGLU.dylib
0x0000000005edf000 	/System/Library/Frameworks/OpenGL.framework/Versions/A/Libraries/libGFXShared.dylib
0x0000000005edf000 	/System/Library/Frameworks/OpenGL.framework/Versions/A/Libraries/libGL.dylib
0x0000000005edf000 	/System/Library/Frameworks/OpenGL.framework/Versions/A/Libraries/libGLImage.dylib
0x0000000005edf000 	/System/Library/Frameworks/OpenGL.framework/Versions/A/Libraries/libCVMSPluginSupport.dylib
0x0000000005edf000 	/System/Library/Frameworks/OpenGL.framework/Versions/A/Libraries/libCoreVMClient.dylib
0x0000000005edf000 	/usr/lib/libcups.2.dylib
0x0000000005edf000 	/System/Library/Frameworks/Kerberos.framework/Versions/A/Kerberos
0x0000000005edf000 	/System/Library/Frameworks/GSS.framework/Versions/A/GSS
0x0000000005edf000 	/usr/lib/libresolv.9.dylib
0x0000000005edf000 	/System/Library/PrivateFrameworks/Heimdal.framework/Versions/A/Heimdal
0x0000000005edf000 	/usr/lib/libheimdal-asn1.dylib
0x0000000005edf000 	/System/Library/Frameworks/OpenDirectory.framework/Versions/A/OpenDirectory
0x0000000005edf000 	/System/Library/PrivateFrameworks/CommonAuth.framework/Versions/A/CommonAuth
0x0000000005edf000 	/System/Library/Frameworks/SecurityFoundation.framework/Versions/A/SecurityFoundation
0x0000000005edf000 	/System/Library/Frameworks/QuartzCore.framework/Versions/A/Frameworks/CoreImage.framework/Versions/A/CoreImage
0x0000000005edf000 	/System/Library/PrivateFrameworks/CrashReporterSupport.framework/Versions/A/CrashReporterSupport
0x0000000005edf000 	/System/Library/Frameworks/OpenCL.framework/Versions/A/OpenCL
0x0000000005edf000 	/System/Library/PrivateFrameworks/FaceCore.framework/Versions/A/FaceCore
0x0000000005edf000 	/System/Library/PrivateFrameworks/Ubiquity.framework/Versions/A/Ubiquity
0x0000000005edf000 	/System/Library/PrivateFrameworks/IconServices.framework/Versions/A/IconServices
0x0000000005edf000 	/System/Library/PrivateFrameworks/ChunkingLibrary.framework/Versions/A/ChunkingLibrary
0x0000000005edf000 	/System/Library/PrivateFrameworks/Apple80211.framework/Versions/A/Apple80211
0x0000000005edf000 	/System/Library/Frameworks/CoreWLAN.framework/Versions/A/CoreWLAN
0x0000000005edf000 	/System/Library/Frameworks/IOBluetooth.framework/Versions/A/IOBluetooth
0x0000000005edf000 	/System/Library/PrivateFrameworks/CoreWiFi.framework/Versions/A/CoreWiFi
0x0000000005edf000 	/System/Library/Frameworks/CoreBluetooth.framework/Versions/A/CoreBluetooth
0x0000000005edf000 	/System/Library/PrivateFrameworks/DebugSymbols.framework/Versions/A/DebugSymbols
0x0000000005edf000 	/System/Library/PrivateFrameworks/CoreSymbolication.framework/Versions/A/CoreSymbolication
0x0000000005edf000 	/System/Library/PrivateFrameworks/Symbolication.framework/Versions/A/Symbolication
0x0000000005edf000 	/System/Library/PrivateFrameworks/SpeechRecognitionCore.framework/Versions/A/SpeechRecognitionCore
0x0000000052617000 	/System/Library/CoreServices/Encodings/libCyrillicConverter.dylib
0x000000010c9cf000 	/Library/Java/JavaVirtualMachines/jdk1.8.0_25.jdk/Contents/Home/jre/lib/server/libjvm.dylib
0x0000000005edf000 	/usr/lib/libstdc++.6.dylib
0x000000010d902000 	/Library/Java/JavaVirtualMachines/jdk1.8.0_25.jdk/Contents/Home/jre/lib/libverify.dylib
0x000000010d910000 	/Library/Java/JavaVirtualMachines/jdk1.8.0_25.jdk/Contents/Home/jre/lib/libjava.dylib
0x000000010d94e000 	/Library/Java/JavaVirtualMachines/jdk1.8.0_25.jdk/Contents/Home/jre/lib/libzip.dylib
0x0000000121d77000 	/System/Library/Frameworks/JavaVM.framework/Frameworks/JavaRuntimeSupport.framework/JavaRuntimeSupport
0x0000000121d8f000 	/System/Library/Frameworks/JavaVM.framework/Versions/A/Frameworks/JavaNativeFoundation.framework/Versions/A/JavaNativeFoundation
0x000000010d9ef000 	/System/Library/Frameworks/JavaVM.framework/Versions/A/JavaVM
0x0000000005edf000 	/System/Library/Frameworks/Carbon.framework/Versions/A/Carbon
0x0000000121da4000 	/System/Library/PrivateFrameworks/JavaLaunching.framework/Versions/A/JavaLaunching
0x0000000005edf000 	/System/Library/Frameworks/Carbon.framework/Versions/A/Frameworks/CommonPanels.framework/Versions/A/CommonPanels
0x0000000005edf000 	/System/Library/Frameworks/Carbon.framework/Versions/A/Frameworks/Help.framework/Versions/A/Help
0x0000000005edf000 	/System/Library/Frameworks/Carbon.framework/Versions/A/Frameworks/ImageCapture.framework/Versions/A/ImageCapture
0x0000000005edf000 	/System/Library/Frameworks/Carbon.framework/Versions/A/Frameworks/OpenScripting.framework/Versions/A/OpenScripting
0x0000000005edf000 	/System/Library/Frameworks/Carbon.framework/Versions/A/Frameworks/Print.framework/Versions/A/Print
0x0000000005edf000 	/System/Library/Frameworks/Carbon.framework/Versions/A/Frameworks/SecurityHI.framework/Versions/A/SecurityHI
0x0000000123d8a000 	/Library/Java/JavaVirtualMachines/jdk1.8.0_25.jdk/Contents/Home/jre/lib/libprism_es2.dylib
0x0000000005edf000 	/System/Library/Frameworks/OpenGL.framework/Versions/A/Resources/GLEngine.bundle/GLEngine
0x0000000005edf000 	/System/Library/Frameworks/OpenGL.framework/Versions/A/Libraries/libGLProgrammability.dylib
0x0000000000000000 	/System/Library/Extensions/AppleIntelHD4000GraphicsGLDriver.bundle/Contents/MacOS/AppleIntelHD4000GraphicsGLDriver
0x0000000005edf000 	/System/Library/PrivateFrameworks/IOAccelerator.framework/Versions/A/IOAccelerator
0x0000000005edf000 	/System/Library/PrivateFrameworks/GPUSupport.framework/Versions/A/Libraries/libGPUSupportMercury.dylib
0x0000000005edf000 	/System/Library/Frameworks/OpenGL.framework/Versions/A/Resources/GLRendererFloat.bundle/GLRendererFloat
0x0000000005edf000 	/System/Library/Frameworks/OpenCL.framework/Versions/A/Libraries/libcldcpuengine.dylib
0x0000000005edf000 	/System/Library/PrivateFrameworks/DiskImages.framework/Versions/A/DiskImages
0x0000000005edf000 	/System/Library/Frameworks/DiscRecording.framework/Versions/A/DiscRecording
0x0000000005edf000 	/usr/lib/libcsfde.dylib
0x0000000005edf000 	/usr/lib/libcurl.4.dylib
0x0000000005edf000 	/System/Library/PrivateFrameworks/MediaKit.framework/Versions/A/MediaKit
0x0000000005edf000 	/System/Library/PrivateFrameworks/ProtectedCloudStorage.framework/Versions/A/ProtectedCloudStorage
0x0000000005edf000 	/usr/lib/libCoreStorage.dylib
0x0000000005edf000 	/System/Library/PrivateFrameworks/EFILogin.framework/Versions/A/EFILogin
0x0000000005edf000 	/usr/lib/libutil.dylib
0x0000000005edf000 	/System/Library/PrivateFrameworks/FindMyDevice.framework/Versions/A/FindMyDevice
0x0000000005edf000 	/System/Library/Frameworks/LDAP.framework/Versions/A/LDAP
0x0000000005edf000 	/usr/lib/libsasl2.2.dylib
0x0000000005edf000 	/System/Library/PrivateFrameworks/CoreDaemon.framework/Versions/B/CoreDaemon
0x0000000005edf000 	/usr/lib/libcrypto.0.9.8.dylib
0x0000000005edf000 	/System/Library/PrivateFrameworks/AppleSRP.framework/Versions/A/AppleSRP
0x0000000005edf000 	/System/Library/PrivateFrameworks/TrustEvaluationAgent.framework/Versions/A/TrustEvaluationAgent
0x0000000124236000 	/Library/Java/JavaVirtualMachines/jdk1.8.0_25.jdk/Contents/Home/jre/lib/libglass.dylib
0x0000000005edf000 	/System/Library/PrivateFrameworks/CoreServicesInternal.framework/Versions/A/CoreServicesInternal
0x0000000005edf000 	/System/Library/PrivateFrameworks/CloudDocs.framework/Versions/A/CloudDocs
0x0000000005edf000 	/System/Library/PrivateFrameworks/CoreDuet.framework/Versions/A/CoreDuet
0x0000000005edf000 	/System/Library/Frameworks/CloudKit.framework/Versions/A/CloudKit
0x0000000005edf000 	/System/Library/PrivateFrameworks/ProtocolBuffer.framework/Versions/A/ProtocolBuffer
0x0000000005edf000 	/System/Library/PrivateFrameworks/CoreDuetDaemonProtocol.framework/Versions/A/CoreDuetDaemonProtocol
0x0000000005edf000 	/System/Library/PrivateFrameworks/CoreDuetDebugLogging.framework/Versions/A/CoreDuetDebugLogging
0x0000000005edf000 	/System/Library/Frameworks/CoreLocation.framework/Versions/A/CoreLocation
0x0000000005edf000 	/System/Library/Frameworks/Accounts.framework/Versions/A/Accounts
0x0000000005edf000 	/System/Library/PrivateFrameworks/ApplePushService.framework/Versions/A/ApplePushService
0x0000000005edf000 	/System/Library/PrivateFrameworks/GeoServices.framework/Versions/A/GeoServices
0x0000000005edf000 	/System/Library/PrivateFrameworks/OAuth.framework/Versions/A/OAuth
0x0000000005edf000 	/System/Library/Frameworks/CoreGraphics.framework/Versions/A/Resources/libCGCMS.A.dylib
0x0000000005edf000 	/System/Library/CoreServices/RawCamera.bundle/Contents/MacOS/RawCamera
0x0000000005edf000 	/System/Library/Frameworks/CoreGraphics.framework/Versions/A/Resources/libRIP.A.dylib
0x0000000005edf000 	/System/Library/PrivateFrameworks/FamilyControls.framework/Versions/A/FamilyControls
0x0000000005edf000 	/System/Library/PrivateFrameworks/CommerceKit.framework/Versions/A/Frameworks/CommerceCore.framework/Versions/A/CommerceCore
0x0000000005edf000 	/System/Library/PrivateFrameworks/SystemAdministration.framework/Versions/A/SystemAdministration
0x0000000005edf000 	/System/Library/PrivateFrameworks/AppContainer.framework/Versions/A/AppContainer
0x0000000005edf000 	/System/Library/PrivateFrameworks/SecCodeWrapper.framework/Versions/A/SecCodeWrapper
0x0000000005edf000 	/System/Library/Frameworks/DirectoryService.framework/Versions/A/DirectoryService
0x0000000005edf000 	/System/Library/PrivateFrameworks/LoginUIKit.framework/Versions/A/Frameworks/LoginUICore.framework/Versions/A/LoginUICore
0x0000000005edf000 	/usr/lib/libodfde.dylib
0x0000000127808000 	/Library/Java/JavaVirtualMachines/jdk1.8.0_25.jdk/Contents/Home/jre/lib/libjavafx_font.dylib
0x0000000005edf000 	/System/Library/Frameworks/CoreGraphics.framework/Versions/A/Resources/libCGXType.A.dylib
0x000000012a7e9000 	/Library/Java/JavaVirtualMachines/jdk1.8.0_25.jdk/Contents/Home/jre/lib/libprism_common.dylib
0x000000012a979000 	cl_kernels
0x000000012a97b000 	/System/Library/Frameworks/OpenCL.framework/Versions/A/Libraries/ImageFormats/unorm8_bgra.dylib
0x000000012a96c000 	cl_kernels

VM Arguments:
jvm_args: -Dfile.encoding=UTF-8 
java_command: application.Main
java_class_path (initial): /Users/polinatagirova/Documents/ws/KDD-GitHub/bin:/Users/polinatagirova/Downloads/eclipse 2/plugins/org.eclipse.fx.ide.css.jfx8_1.0.0.201408150702.jar
Launcher Type: SUN_STANDARD

Environment Variables:
PATH=/usr/bin:/bin:/usr/sbin:/sbin
SHELL=/bin/bash

Signal Handlers:
SIGSEGV: [libjvm.dylib+0x579dc7], sa_mask[0]=11111111011111110111111111111111, sa_flags=SA_ONSTACK|SA_RESTART|SA_SIGINFO
SIGBUS: [libjvm.dylib+0x579dc7], sa_mask[0]=11111111011111110111111111111111, sa_flags=SA_RESTART|SA_SIGINFO
SIGFPE: [libjvm.dylib+0x45b030], sa_mask[0]=11111111011111110111111111111111, sa_flags=SA_RESTART|SA_SIGINFO
SIGPIPE: [libjvm.dylib+0x45b030], sa_mask[0]=11111111011111110111111111111111, sa_flags=SA_RESTART|SA_SIGINFO
SIGXFSZ: [libjvm.dylib+0x45b030], sa_mask[0]=11111111011111110111111111111111, sa_flags=SA_RESTART|SA_SIGINFO
SIGILL: [libjvm.dylib+0x45b030], sa_mask[0]=11111111011111110111111111111111, sa_flags=SA_RESTART|SA_SIGINFO
SIGUSR1: SIG_DFL, sa_mask[0]=00000000000000000000000000000000, sa_flags=none
SIGUSR2: [libjvm.dylib+0x45ab4e], sa_mask[0]=00100000000000000000000000000000, sa_flags=SA_RESTART|SA_SIGINFO
SIGHUP: [libjvm.dylib+0x459121], sa_mask[0]=11111111011111110111111111111111, sa_flags=SA_RESTART|SA_SIGINFO
SIGINT: [libjvm.dylib+0x459121], sa_mask[0]=11111111011111110111111111111111, sa_flags=SA_RESTART|SA_SIGINFO
SIGTERM: [libjvm.dylib+0x459121], sa_mask[0]=11111111011111110111111111111111, sa_flags=SA_RESTART|SA_SIGINFO
SIGQUIT: [libjvm.dylib+0x459121], sa_mask[0]=11111111011111110111111111111111, sa_flags=SA_RESTART|SA_SIGINFO


---------------  S Y S T E M  ---------------

OS:Bsduname:Darwin 14.0.0 Darwin Kernel Version 14.0.0: Fri Sep 19 00:26:44 PDT 2014; root:xnu-2782.1.97~2/RELEASE_X86_64 x86_64
rlimit: STACK 8192k, CORE 0k, NPROC 709, NOFILE 10240, AS infinity
load average:1.52 1.70 1.58

CPU:total 4 (2 cores per cpu, 2 threads per core) family 6 model 58 stepping 9, cmov, cx8, fxsr, mmx, sse, sse2, sse3, ssse3, sse4.1, sse4.2, popcnt, avx, aes, clmul, erms, ht, tsc, tscinvbit, tscinv

Memory: 4k page, physical 4194304k(181684k free)

/proc/meminfo:


vm_info: Java HotSpot(TM) 64-Bit Server VM (25.25-b02) for bsd-amd64 JRE (1.8.0_25-b17), built on Sep 17 2014 16:56:50 by "java_re" with gcc 4.2.1 (Based on Apple Inc. build 5658) (LLVM build 2336.11.00)

time: Thu Jan  8 15:50:52 2015
elapsed time: 4 seconds (0d 0h 0m 4s)

