#
# A fatal error has been detected by the Java Runtime Environment:
#
#  SIGSEGV (0xb) at pc=0x00000001185233fd, pid=6349, tid=1811
#
# JRE version: Java(TM) SE Runtime Environment (8.0_25-b17) (build 1.8.0_25-b17)
# Java VM: Java HotSpot(TM) 64-Bit Server VM (25.25-b02 mixed mode bsd-amd64 compressed oops)
# Problematic frame:
# C  [libglass.dylib+0x163fd]  GlassScreenDidChangeScreenParameters+0x9d
#
# Failed to write core dump. Core dumps have been disabled. To enable core dumping, try "ulimit -c unlimited" before starting Java again
#
# If you would like to submit a bug report, please visit:
#   http://bugreport.sun.com/bugreport/crash.jsp
#

---------------  T H R E A D  ---------------

Current thread is native thread

siginfo: si_signo: 11 (SIGSEGV), si_code: 1 (SEGV_MAPERR), si_addr: 0x0000000000000000

Registers:
RAX=0x0000000118555e40, RBX=0x0000000000000000, RCX=0x0a0042a287920981, RDX=0x00007fd653b38a80
RSP=0x00007fff5f05a120, RBP=0x00007fff5f05a130, RSI=0x00007fd65140a7b8, RDI=0x0000000000000000
R8 =0x00007fff5f059fd0, R9 =0x00007fff76a35300, R10=0x0000000000000000, R11=0x0000000000000246
R12=0x00007fd651508370, R13=0x00000000000f4268, R14=0x00007fd6514a2000, R15=0x00007fff5f05a270
RIP=0x00000001185233fd, EFLAGS=0x0000000000010202, ERR=0x0000000000000004
  TRAPNO=0x000000000000000e

Top of Stack: (sp=0x00007fff5f05a120)
0x00007fff5f05a120:   00007fff5f05a300 00007fd6514a2000
0x00007fff5f05a130:   00007fff5f05a140 00007fff8e268cbc
0x00007fff5f05a140:   00007fff5f05a4a0 00007fff8e15a1b4
0x00007fff5f05a150:   00007fd657010000 0000000000000000
0x00007fff5f05a160:   00007fff5f05a1d8 00007fd653cfc080
0x00007fff5f05a170:   0000000000001000 0000000000002c58
0x00007fff5f05a180:   0000000000000004 00007fd6514a2000
0x00007fff5f05a190:   0000000000000000 00007fff5f05a270
0x00007fff5f05a1a0:   0000000000000000 00007fd6514a1fc0
0x00007fff5f05a1b0:   00007fff5f05a2f0 00000000000001d9
0x00007fff5f05a1c0:   00000000000f4ebf 00007fd653cb0ef0
0x00007fff5f05a1d0:   00007fd65146b650 00007fd651508370
0x00007fff5f05a1e0:   0000000000000001 00000000000f4268
0x00007fff5f05a1f0:   00007fd651508360 00007fff953baacb
0x00007fff5f05a200:   0000000000000001 0000000000000001
0x00007fff5f05a210:   0000000000000030 0000000000000001
0x00007fff5f05a220:   00007fff5f05a240 00007fff953c0231
0x00007fff5f05a230:   00007fff77421dd0 0000000000000000
0x00007fff5f05a240:   00007fff5f05a260 000000000000000d
0x00007fff5f05a250:   001d6b0300000000 00007fd651508394
0x00007fff5f05a260:   0000000000000000 00007fff8e14fc8f
0x00007fff5f05a270:   00007fd6514a2000 00007fff77421dd0
0x00007fff5f05a280:   00007fff5f05a300 00007fff8e1587bf
0x00007fff5f05a290:   ffffffffffffffff 00007fd65171c280
0x00007fff5f05a2a0:   0000000100bc0a00 0000000000000002
0x00007fff5f05a2b0:   0000000100bbd000 00007fd653f7d562
0x00007fff5f05a2c0:   0000000000000003 0000000100bc0a00
0x00007fff5f05a2d0:   00007fff5f05a3c0 00007fff953b92a2
0x00007fff5f05a2e0:   00007fd651469a50 00007fff5f05a4a8
0x00007fff5f05a2f0:   0000000000000017 0000000000000000
0x00007fff5f05a300:   00000000000f4268 00007fff8e14ff83
0x00007fff5f05a310:   00007fff00000000 00007fd651470220 

Instructions: (pc=0x00000001185233fd)
0x00000001185233dd:   89 df 4c 89 f1 41 ff 90 68 04 00 00 48 8d 05 58
0x00000001185233ed:   29 03 00 48 8b 30 48 8d 05 46 2a 03 00 48 8b 10
0x00000001185233fd:   48 8b 0b 30 c0 48 89 df ff 91 68 04 00 00 48 8b
0x000000011852340d:   03 48 89 df ff 50 78 48 85 c0 74 36 49 89 c6 48 

Register to memory mapping:

RAX=0x0000000118555e40: jScreenNotifySettingsChanged+0 in /Library/Java/JavaVirtualMachines/jdk1.8.0_25.jdk/Contents/Home/jre/lib/libglass.dylib at 0x000000011850d000
RBX=0x0000000000000000 is an unknown value
RCX=0x0a0042a287920981 is an unknown value
RDX=0x00007fd653b38a80 is an unknown value
RSP=0x00007fff5f05a120 is an unknown value
RBP=0x00007fff5f05a130 is an unknown value
RSI=0x00007fd65140a7b8 is a global jni handle
RDI=0x0000000000000000 is an unknown value
R8 =0x00007fff5f059fd0 is an unknown value
R9 =0x00007fff76a35300: _thread+0 in /usr/lib/system/libsystem_pthread.dylib at 0x00007fff8acb4000
R10=0x0000000000000000 is an unknown value
R11=0x0000000000000246 is an unknown value
R12=0x00007fd651508370 is an unknown value
R13=0x00000000000f4268 is an unknown value
R14=0x00007fd6514a2000 is an unknown value
R15=0x00007fff5f05a270 is an unknown value


Stack: [0x00007fff5e85d000,0x00007fff5f05d000],  sp=0x00007fff5f05a120,  free space=8180k
Native frames: (J=compiled Java code, j=interpreted, Vv=VM code, C=native code)
C  [libglass.dylib+0x163fd]  GlassScreenDidChangeScreenParameters+0x9d
C  [CoreFoundation+0x11ecbc]  __CFNOTIFICATIONCENTER_IS_CALLING_OUT_TO_AN_OBSERVER__+0xc
C  [CoreFoundation+0x101b4]  _CFXNotificationPost+0xc44
C  [Foundation+0x2ea1]  -[NSNotificationCenter postNotificationName:object:userInfo:]+0x42
C  [AppKit+0x362dee]  -[NSApplication _reactToScreenInvalidationImmediately:]+0x17b
C  [AppKit+0x362c2d]  __44-[NSApplication _reactToScreenInvalidation:]_block_invoke+0x4b
C  [CoreFoundation+0x8054c]  __CFRUNLOOP_IS_CALLING_OUT_TO_A_BLOCK__+0xc
C  [CoreFoundation+0x72655]  __CFRunLoopDoBlocks+0x155
C  [CoreFoundation+0x72196]  __CFRunLoopRun+0x716
C  [CoreFoundation+0x71838]  CFRunLoopRunSpecific+0x128
C  [java+0x56cc]  CreateExecutionEnvironment+0x367
C  [java+0x165c]  JLI_Launch+0x7a0
C  [java+0x768a]  main+0x65
C  [java+0xeb4]  start+0x34


---------------  P R O C E S S  ---------------

VM state:at safepoint (normal execution)

VM Mutex/Monitor currently owned by a thread:  ([mutex/lock_event])
[0x00007fd6516157c0] Threads_lock - owner thread: 0x00007fd652812000
[0x00007fd651615cc0] Heap_lock - owner thread: 0x00007fd65317f000

Heap:
 PSYoungGen      total 18944K, used 9475K [0x00000007aab00000, 0x00000007ac000000, 0x00000007c0000000)
  eden space 16384K, 42% used [0x00000007aab00000,0x00000007ab1c4fd0,0x00000007abb00000)
  from space 2560K, 99% used [0x00000007abb00000,0x00000007abd7c010,0x00000007abd80000)
  to   space 2560K, 0% used [0x00000007abd80000,0x00000007abd80000,0x00000007ac000000)
 ParOldGen       total 44032K, used 7655K [0x0000000780000000, 0x0000000782b00000, 0x00000007aab00000)
  object space 44032K, 17% used [0x0000000780000000,0x0000000780779e40,0x0000000782b00000)
 Metaspace       used 18078K, capacity 19182K, committed 19328K, reserved 1064960K
  class space    used 2688K, capacity 2872K, committed 2944K, reserved 1048576K

Card table byte_map: [0x0000000111910000,0x0000000111b11000] byte_map_base: 0x000000010dd10000

Marking Bits: (ParMarkBitMap*) 0x0000000101e9d390
 Begin Bits: [0x0000000112073000, 0x0000000113073000)
 End Bits:   [0x0000000113073000, 0x0000000114073000)

Polling page: 0x0000000100dce000

CodeCache: size=245760Kb used=7549Kb max_used=7552Kb free=238211Kb
 bounds [0x0000000102550000, 0x0000000102cc0000, 0x0000000111550000]
 total_blobs=3091 nmethods=2451 adapters=553
 compilation: enabled

Compilation events (10 events):
Event: 447.220 Thread 0x00007fd65184e800 2472       1       java.lang.reflect.Constructor::getConstructorAccessor (5 bytes)
Event: 447.220 Thread 0x00007fd65184e800 nmethod 2472 0x00000001026647d0 code [0x0000000102664920, 0x0000000102664a30]
Event: 447.220 Thread 0x00007fd65184e800 2473       3       java.lang.reflect.Constructor::setConstructorAccessor (21 bytes)
Event: 447.221 Thread 0x00007fd65184e800 nmethod 2473 0x000000010265a450 code [0x000000010265a5c0, 0x000000010265a988]
Event: 447.246 Thread 0x00007fd65184e800 2474       3       sun.reflect.ConstructorAccessorImpl::<init> (5 bytes)
Event: 447.246 Thread 0x00007fd65184e800 nmethod 2474 0x000000010266d890 code [0x000000010266da00, 0x000000010266dc10]
Event: 447.248 Thread 0x00007fd65184e800 2475       3       java.lang.Byte::hashCode (8 bytes)
Event: 447.248 Thread 0x00007fd65184e800 nmethod 2475 0x000000010266d450 code [0x000000010266d5c0, 0x000000010266d770]
Event: 447.248 Thread 0x00007fd65184e800 2476       3       java.lang.Byte::hashCode (2 bytes)
Event: 447.249 Thread 0x00007fd65184e800 nmethod 2476 0x000000010268be10 code [0x000000010268bf60, 0x000000010268c090]

GC Heap History (6 events):
Event: 1.247 GC heap before
{Heap before GC invocations=1 (full 0):
 PSYoungGen      total 18944K, used 16384K [0x00000007aab00000, 0x00000007ac000000, 0x00000007c0000000)
  eden space 16384K, 100% used [0x00000007aab00000,0x00000007abb00000,0x00000007abb00000)
  from space 2560K, 0% used [0x00000007abd80000,0x00000007abd80000,0x00000007ac000000)
  to   space 2560K, 0% used [0x00000007abb00000,0x00000007abb00000,0x00000007abd80000)
 ParOldGen       total 44032K, used 0K [0x0000000780000000, 0x0000000782b00000, 0x00000007aab00000)
  object space 44032K, 0% used [0x0000000780000000,0x0000000780000000,0x0000000782b00000)
 Metaspace       used 9622K, capacity 9954K, committed 10368K, reserved 1058816K
  class space    used 1220K, capacity 1301K, committed 1408K, reserved 1048576K
Event: 1.252 GC heap after
Heap after GC invocations=1 (full 0):
 PSYoungGen      total 18944K, used 2528K [0x00000007aab00000, 0x00000007ac000000, 0x00000007c0000000)
  eden space 16384K, 0% used [0x00000007aab00000,0x00000007aab00000,0x00000007abb00000)
  from space 2560K, 98% used [0x00000007abb00000,0x00000007abd78030,0x00000007abd80000)
  to   space 2560K, 0% used [0x00000007abd80000,0x00000007abd80000,0x00000007ac000000)
 ParOldGen       total 44032K, used 472K [0x0000000780000000, 0x0000000782b00000, 0x00000007aab00000)
  object space 44032K, 1% used [0x0000000780000000,0x0000000780076000,0x0000000782b00000)
 Metaspace       used 9622K, capacity 9954K, committed 10368K, reserved 1058816K
  class space    used 1220K, capacity 1301K, committed 1408K, reserved 1048576K
}
Event: 2.201 GC heap before
{Heap before GC invocations=2 (full 0):
 PSYoungGen      total 18944K, used 18909K [0x00000007aab00000, 0x00000007ac000000, 0x00000007c0000000)
  eden space 16384K, 99% used [0x00000007aab00000,0x00000007abaff570,0x00000007abb00000)
  from space 2560K, 98% used [0x00000007abb00000,0x00000007abd78030,0x00000007abd80000)
  to   space 2560K, 0% used [0x00000007abd80000,0x00000007abd80000,0x00000007ac000000)
 ParOldGen       total 44032K, used 472K [0x0000000780000000, 0x0000000782b00000, 0x00000007aab00000)
  object space 44032K, 1% used [0x0000000780000000,0x0000000780076000,0x0000000782b00000)
 Metaspace       used 14861K, capacity 15422K, committed 15488K, reserved 1062912K
  class space    used 2248K, capacity 2375K, committed 2432K, reserved 1048576K
Event: 2.210 GC heap after
Heap after GC invocations=2 (full 0):
 PSYoungGen      total 18944K, used 2528K [0x00000007aab00000, 0x00000007ac000000, 0x00000007c0000000)
  eden space 16384K, 0% used [0x00000007aab00000,0x00000007aab00000,0x00000007abb00000)
  from space 2560K, 98% used [0x00000007abd80000,0x00000007abff8010,0x00000007ac000000)
  to   space 2560K, 0% used [0x00000007abb00000,0x00000007abb00000,0x00000007abd80000)
 ParOldGen       total 44032K, used 2231K [0x0000000780000000, 0x0000000782b00000, 0x00000007aab00000)
  object space 44032K, 5% used [0x0000000780000000,0x000000078022de00,0x0000000782b00000)
 Metaspace       used 14861K, capacity 15422K, committed 15488K, reserved 1062912K
  class space    used 2248K, capacity 2375K, committed 2432K, reserved 1048576K
}
Event: 110.595 GC heap before
{Heap before GC invocations=3 (full 0):
 PSYoungGen      total 18944K, used 18912K [0x00000007aab00000, 0x00000007ac000000, 0x00000007c0000000)
  eden space 16384K, 100% used [0x00000007aab00000,0x00000007abb00000,0x00000007abb00000)
  from space 2560K, 98% used [0x00000007abd80000,0x00000007abff8010,0x00000007ac000000)
  to   space 2560K, 0% used [0x00000007abb00000,0x00000007abb00000,0x00000007abd80000)
 ParOldGen       total 44032K, used 2231K [0x0000000780000000, 0x0000000782b00000, 0x00000007aab00000)
  object space 44032K, 5% used [0x0000000780000000,0x000000078022de00,0x0000000782b00000)
 Metaspace       used 18048K, capacity 19152K, committed 19328K, reserved 1064960K
  class space    used 2681K, capacity 2865K, committed 2944K, reserved 1048576K
Event: 110.607 GC heap after
Heap after GC invocations=3 (full 0):
 PSYoungGen      total 18944K, used 2544K [0x00000007aab00000, 0x00000007ac000000, 0x00000007c0000000)
  eden space 16384K, 0% used [0x00000007aab00000,0x00000007aab00000,0x00000007abb00000)
  from space 2560K, 99% used [0x00000007abb00000,0x00000007abd7c010,0x00000007abd80000)
  to   space 2560K, 0% used [0x00000007abd80000,0x00000007abd80000,0x00000007ac000000)
 ParOldGen       total 44032K, used 7655K [0x0000000780000000, 0x0000000782b00000, 0x00000007aab00000)
  object space 44032K, 17% used [0x0000000780000000,0x0000000780779e40,0x0000000782b00000)
 Metaspace       used 18048K, capacity 19152K, committed 19328K, reserved 1064960K
  class space    used 2681K, capacity 2865K, committed 2944K, reserved 1048576K
}

Deoptimization events (10 events):
Event: 1.454 Thread 0x00007fd651902800 Uncommon trap: reason=class_check action=maybe_recompile pc=0x000000010267ca5c method=java.lang.String.equals(Ljava/lang/Object;)Z @ 8
Event: 1.454 Thread 0x00007fd651902800 Uncommon trap: reason=class_check action=maybe_recompile pc=0x000000010267ca5c method=java.lang.String.equals(Ljava/lang/Object;)Z @ 8
Event: 1.454 Thread 0x00007fd651902800 Uncommon trap: reason=class_check action=maybe_recompile pc=0x000000010267ca5c method=java.lang.String.equals(Ljava/lang/Object;)Z @ 8
Event: 1.457 Thread 0x00007fd651902800 Uncommon trap: reason=class_check action=maybe_recompile pc=0x000000010267ca5c method=java.lang.String.equals(Ljava/lang/Object;)Z @ 8
Event: 1.768 Thread 0x00007fd651902800 Uncommon trap: reason=unloaded action=reinterpret pc=0x00000001027a2098 method=java.lang.CharacterData.of(I)Ljava/lang/CharacterData; @ 96
Event: 1.978 Thread 0x00007fd651902800 Uncommon trap: reason=bimorphic action=maybe_recompile pc=0x00000001028a30f0 method=java.util.HashMap.putVal(ILjava/lang/Object;Ljava/lang/Object;ZZ)Ljava/lang/Object; @ 203
Event: 7.825 Thread 0x00007fd651902800 Uncommon trap: reason=array_check action=maybe_recompile pc=0x00000001029ffe6c method=com.sun.javafx.css.SimpleSelector.applies(Ljavafx/css/Styleable;[Ljava/util/Set;I)Z @ 37
Event: 7.825 Thread 0x00007fd651902800 Uncommon trap: reason=array_check action=maybe_recompile pc=0x00000001029ffe6c method=com.sun.javafx.css.SimpleSelector.applies(Ljavafx/css/Styleable;[Ljava/util/Set;I)Z @ 37
Event: 7.825 Thread 0x00007fd651902800 Uncommon trap: reason=array_check action=maybe_recompile pc=0x00000001029ffe6c method=com.sun.javafx.css.SimpleSelector.applies(Ljavafx/css/Styleable;[Ljava/util/Set;I)Z @ 37
Event: 7.825 Thread 0x00007fd651902800 Uncommon trap: reason=array_check action=maybe_recompile pc=0x00000001029ffe6c method=com.sun.javafx.css.SimpleSelector.applies(Ljavafx/css/Styleable;[Ljava/util/Set;I)Z @ 37

Internal exceptions (10 events):
Event: 2.311 Thread 0x00007fd651902800 Exception <a 'java/security/PrivilegedActionException'> (0x00000007aad1d980) thrown at [/HUDSON3/workspace/8-2-build-macosx-x86_64/jdk8u25/1514/hotspot/src/share/vm/prims/jvm.cpp, line 1312]
Event: 2.314 Thread 0x00007fd651902800 Exception <a 'java/security/PrivilegedActionException'> (0x00000007aad35000) thrown at [/HUDSON3/workspace/8-2-build-macosx-x86_64/jdk8u25/1514/hotspot/src/share/vm/prims/jvm.cpp, line 1312]
Event: 2.315 Thread 0x00007fd651902800 Exception <a 'java/security/PrivilegedActionException'> (0x00000007aad520c0) thrown at [/HUDSON3/workspace/8-2-build-macosx-x86_64/jdk8u25/1514/hotspot/src/share/vm/prims/jvm.cpp, line 1312]
Event: 7.819 Thread 0x00007fd651902800 Exception <a 'java/security/PrivilegedActionException'> (0x00000007ab4a3fd0) thrown at [/HUDSON3/workspace/8-2-build-macosx-x86_64/jdk8u25/1514/hotspot/src/share/vm/prims/jvm.cpp, line 1312]
Event: 7.823 Thread 0x00007fd651902800 Exception <a 'java/security/PrivilegedActionException'> (0x00000007ab4b0060) thrown at [/HUDSON3/workspace/8-2-build-macosx-x86_64/jdk8u25/1514/hotspot/src/share/vm/prims/jvm.cpp, line 1312]
Event: 7.938 Thread 0x00007fd651902800 Exception <a 'java/security/PrivilegedActionException'> (0x00000007ab5b3a68) thrown at [/HUDSON3/workspace/8-2-build-macosx-x86_64/jdk8u25/1514/hotspot/src/share/vm/prims/jvm.cpp, line 1312]
Event: 14.197 Thread 0x00007fd651902800 Exception <a 'java/security/PrivilegedActionException'> (0x00000007ab752148) thrown at [/HUDSON3/workspace/8-2-build-macosx-x86_64/jdk8u25/1514/hotspot/src/share/vm/prims/jvm.cpp, line 1312]
Event: 14.197 Thread 0x00007fd651902800 Exception <a 'java/security/PrivilegedActionException'> (0x00000007ab7536b8) thrown at [/HUDSON3/workspace/8-2-build-macosx-x86_64/jdk8u25/1514/hotspot/src/share/vm/prims/jvm.cpp, line 1312]
Event: 14.197 Thread 0x00007fd651902800 Exception <a 'java/security/PrivilegedActionException'> (0x00000007ab758620) thrown at [/HUDSON3/workspace/8-2-build-macosx-x86_64/jdk8u25/1514/hotspot/src/share/vm/prims/jvm.cpp, line 1312]
Event: 14.197 Thread 0x00007fd651902800 Exception <a 'java/security/PrivilegedActionException'> (0x00000007ab759da8) thrown at [/HUDSON3/workspace/8-2-build-macosx-x86_64/jdk8u25/1514/hotspot/src/share/vm/prims/jvm.cpp, line 1312]

Events (10 events):
Event: 447.250 Thread 0x00007fd65280a800 Thread exited: 0x00007fd65280a800
Event: 447.250 Thread 0x00007fd65317f000 Thread added: 0x00007fd65317f000
Event: 447.483 Thread 0x00007fd651902800 Thread exited: 0x00007fd651902800
Event: 447.483 loading class java/util/IdentityHashMap$KeySet
Event: 447.486 loading class java/util/IdentityHashMap$KeySet done
Event: 447.486 loading class java/util/IdentityHashMap$KeyIterator
Event: 447.486 loading class java/util/IdentityHashMap$IdentityHashMapIterator
Event: 447.487 loading class java/util/IdentityHashMap$IdentityHashMapIterator done
Event: 447.487 loading class java/util/IdentityHashMap$KeyIterator done
Event: 447.487 Thread 0x00007fd65317f000 Thread exited: 0x00007fd65317f000


Dynamic libraries:
0x0000000005edf000 	/System/Library/Frameworks/Cocoa.framework/Versions/A/Cocoa
0x0000000005edf000 	/System/Library/Frameworks/Security.framework/Versions/A/Security
0x0000000005edf000 	/System/Library/Frameworks/ApplicationServices.framework/Versions/A/ApplicationServices
0x0000000005edf000 	/usr/lib/libz.1.dylib
0x0000000005edf000 	/usr/lib/libSystem.B.dylib
0x0000000005edf000 	/usr/lib/libobjc.A.dylib
0x0000000005edf000 	/System/Library/Frameworks/CoreFoundation.framework/Versions/A/CoreFoundation
0x0000000005edf000 	/System/Library/Frameworks/Foundation.framework/Versions/C/Foundation
0x0000000005edf000 	/System/Library/Frameworks/AppKit.framework/Versions/C/AppKit
0x0000000005edf000 	/System/Library/Frameworks/CoreData.framework/Versions/A/CoreData
0x0000000005edf000 	/System/Library/PrivateFrameworks/RemoteViewServices.framework/Versions/A/RemoteViewServices
0x0000000005edf000 	/System/Library/PrivateFrameworks/UIFoundation.framework/Versions/A/UIFoundation
0x0000000005edf000 	/System/Library/Frameworks/IOSurface.framework/Versions/A/IOSurface
0x0000000005edf000 	/System/Library/Frameworks/AudioToolbox.framework/Versions/A/AudioToolbox
0x0000000005edf000 	/System/Library/Frameworks/AudioUnit.framework/Versions/A/AudioUnit
0x0000000005edf000 	/System/Library/PrivateFrameworks/DataDetectorsCore.framework/Versions/A/DataDetectorsCore
0x0000000005edf000 	/System/Library/PrivateFrameworks/DesktopServicesPriv.framework/Versions/A/DesktopServicesPriv
0x0000000005edf000 	/System/Library/Frameworks/Carbon.framework/Versions/A/Frameworks/HIToolbox.framework/Versions/A/HIToolbox
0x0000000005edf000 	/System/Library/Frameworks/QuartzCore.framework/Versions/A/QuartzCore
0x0000000005edf000 	/System/Library/Frameworks/Carbon.framework/Versions/A/Frameworks/SpeechRecognition.framework/Versions/A/SpeechRecognition
0x0000000005edf000 	/usr/lib/libauto.dylib
0x0000000005edf000 	/usr/lib/libicucore.A.dylib
0x0000000005edf000 	/usr/lib/libxml2.2.dylib
0x0000000005edf000 	/System/Library/PrivateFrameworks/CoreUI.framework/Versions/A/CoreUI
0x0000000005edf000 	/System/Library/Frameworks/CoreAudio.framework/Versions/A/CoreAudio
0x0000000005edf000 	/System/Library/Frameworks/DiskArbitration.framework/Versions/A/DiskArbitration
0x0000000005edf000 	/usr/lib/liblangid.dylib
0x0000000005edf000 	/System/Library/PrivateFrameworks/MultitouchSupport.framework/Versions/A/MultitouchSupport
0x0000000005edf000 	/System/Library/Frameworks/IOKit.framework/Versions/A/IOKit
0x0000000005edf000 	/usr/lib/libDiagnosticMessagesClient.dylib
0x0000000005edf000 	/System/Library/Frameworks/CoreServices.framework/Versions/A/CoreServices
0x0000000005edf000 	/System/Library/PrivateFrameworks/PerformanceAnalysis.framework/Versions/A/PerformanceAnalysis
0x0000000005edf000 	/System/Library/PrivateFrameworks/GenerationalStorage.framework/Versions/A/GenerationalStorage
0x0000000005edf000 	/System/Library/Frameworks/OpenGL.framework/Versions/A/OpenGL
0x0000000005edf000 	/System/Library/PrivateFrameworks/Sharing.framework/Versions/A/Sharing
0x0000000005edf000 	/System/Library/Frameworks/CoreGraphics.framework/Versions/A/CoreGraphics
0x0000000005edf000 	/System/Library/Frameworks/CoreText.framework/Versions/A/CoreText
0x0000000005edf000 	/System/Library/Frameworks/ImageIO.framework/Versions/A/ImageIO
0x0000000005edf000 	/usr/lib/libextension.dylib
0x0000000005edf000 	/System/Library/PrivateFrameworks/Backup.framework/Versions/A/Backup
0x0000000005edf000 	/usr/lib/libarchive.2.dylib
0x0000000005edf000 	/System/Library/Frameworks/CFNetwork.framework/Versions/A/CFNetwork
0x0000000005edf000 	/System/Library/Frameworks/SystemConfiguration.framework/Versions/A/SystemConfiguration
0x0000000005edf000 	/usr/lib/libCRFSuite.dylib
0x0000000005edf000 	/usr/lib/libc++.1.dylib
0x0000000005edf000 	/usr/lib/libc++abi.dylib
0x0000000005edf000 	/usr/lib/system/libcache.dylib
0x0000000005edf000 	/usr/lib/system/libcommonCrypto.dylib
0x0000000005edf000 	/usr/lib/system/libcompiler_rt.dylib
0x0000000005edf000 	/usr/lib/system/libcopyfile.dylib
0x0000000005edf000 	/usr/lib/system/libcorecrypto.dylib
0x0000000005edf000 	/usr/lib/system/libdispatch.dylib
0x0000000005edf000 	/usr/lib/system/libdyld.dylib
0x0000000005edf000 	/usr/lib/system/libkeymgr.dylib
0x0000000005edf000 	/usr/lib/system/liblaunch.dylib
0x0000000005edf000 	/usr/lib/system/libmacho.dylib
0x0000000005edf000 	/usr/lib/system/libquarantine.dylib
0x0000000005edf000 	/usr/lib/system/libremovefile.dylib
0x0000000005edf000 	/usr/lib/system/libsystem_asl.dylib
0x0000000005edf000 	/usr/lib/system/libsystem_blocks.dylib
0x0000000005edf000 	/usr/lib/system/libsystem_c.dylib
0x0000000005edf000 	/usr/lib/system/libsystem_configuration.dylib
0x0000000005edf000 	/usr/lib/system/libsystem_coreservices.dylib
0x0000000005edf000 	/usr/lib/system/libsystem_coretls.dylib
0x0000000005edf000 	/usr/lib/system/libsystem_dnssd.dylib
0x0000000005edf000 	/usr/lib/system/libsystem_info.dylib
0x0000000005edf000 	/usr/lib/system/libsystem_kernel.dylib
0x0000000005edf000 	/usr/lib/system/libsystem_m.dylib
0x0000000005edf000 	/usr/lib/system/libsystem_malloc.dylib
0x0000000005edf000 	/usr/lib/system/libsystem_network.dylib
0x0000000005edf000 	/usr/lib/system/libsystem_networkextension.dylib
0x0000000005edf000 	/usr/lib/system/libsystem_notify.dylib
0x0000000005edf000 	/usr/lib/system/libsystem_platform.dylib
0x0000000005edf000 	/usr/lib/system/libsystem_pthread.dylib
0x0000000005edf000 	/usr/lib/system/libsystem_sandbox.dylib
0x0000000005edf000 	/usr/lib/system/libsystem_secinit.dylib
0x0000000005edf000 	/usr/lib/system/libsystem_stats.dylib
0x0000000005edf000 	/usr/lib/system/libsystem_trace.dylib
0x0000000005edf000 	/usr/lib/system/libunc.dylib
0x0000000005edf000 	/usr/lib/system/libunwind.dylib
0x0000000005edf000 	/usr/lib/system/libxpc.dylib
0x0000000005edf000 	/usr/lib/libbz2.1.0.dylib
0x0000000005edf000 	/usr/lib/liblzma.5.dylib
0x0000000005edf000 	/usr/lib/libbsm.0.dylib
0x0000000005edf000 	/usr/lib/libsqlite3.dylib
0x0000000005edf000 	/usr/lib/system/libkxld.dylib
0x0000000005edf000 	/usr/lib/libxar.1.dylib
0x0000000005edf000 	/usr/lib/libpam.2.dylib
0x0000000005edf000 	/usr/lib/libOpenScriptingUtil.dylib
0x0000000005edf000 	/System/Library/Frameworks/CoreServices.framework/Versions/A/Frameworks/FSEvents.framework/Versions/A/FSEvents
0x0000000005edf000 	/System/Library/Frameworks/CoreServices.framework/Versions/A/Frameworks/CarbonCore.framework/Versions/A/CarbonCore
0x0000000005edf000 	/System/Library/Frameworks/CoreServices.framework/Versions/A/Frameworks/Metadata.framework/Versions/A/Metadata
0x0000000005edf000 	/System/Library/Frameworks/CoreServices.framework/Versions/A/Frameworks/OSServices.framework/Versions/A/OSServices
0x0000000005edf000 	/System/Library/Frameworks/CoreServices.framework/Versions/A/Frameworks/SearchKit.framework/Versions/A/SearchKit
0x0000000005edf000 	/System/Library/Frameworks/CoreServices.framework/Versions/A/Frameworks/AE.framework/Versions/A/AE
0x0000000005edf000 	/System/Library/Frameworks/CoreServices.framework/Versions/A/Frameworks/LaunchServices.framework/Versions/A/LaunchServices
0x0000000005edf000 	/System/Library/Frameworks/CoreServices.framework/Versions/A/Frameworks/DictionaryServices.framework/Versions/A/DictionaryServices
0x0000000005edf000 	/System/Library/Frameworks/NetFS.framework/Versions/A/NetFS
0x0000000005edf000 	/System/Library/PrivateFrameworks/NetAuth.framework/Versions/A/NetAuth
0x0000000005edf000 	/System/Library/PrivateFrameworks/login.framework/Versions/A/Frameworks/loginsupport.framework/Versions/A/loginsupport
0x0000000005edf000 	/System/Library/PrivateFrameworks/TCC.framework/Versions/A/TCC
0x0000000005edf000 	/usr/lib/libmecabra.dylib
0x0000000005edf000 	/System/Library/PrivateFrameworks/LanguageModeling.framework/Versions/A/LanguageModeling
0x0000000005edf000 	/usr/lib/libcmph.dylib
0x0000000005edf000 	/usr/lib/libiconv.2.dylib
0x0000000005edf000 	/System/Library/Frameworks/OpenDirectory.framework/Versions/A/Frameworks/CFOpenDirectory.framework/Versions/A/CFOpenDirectory
0x0000000005edf000 	/System/Library/Frameworks/ServiceManagement.framework/Versions/A/ServiceManagement
0x0000000005edf000 	/usr/lib/libxslt.1.dylib
0x0000000005edf000 	/System/Library/Frameworks/Carbon.framework/Versions/A/Frameworks/Ink.framework/Versions/A/Ink
0x0000000005edf000 	/System/Library/Frameworks/ApplicationServices.framework/Versions/A/Frameworks/ATS.framework/Versions/A/ATS
0x0000000005edf000 	/System/Library/Frameworks/ApplicationServices.framework/Versions/A/Frameworks/ColorSync.framework/Versions/A/ColorSync
0x0000000005edf000 	/System/Library/Frameworks/ApplicationServices.framework/Versions/A/Frameworks/HIServices.framework/Versions/A/HIServices
0x0000000005edf000 	/System/Library/Frameworks/ApplicationServices.framework/Versions/A/Frameworks/LangAnalysis.framework/Versions/A/LangAnalysis
0x0000000005edf000 	/System/Library/Frameworks/ApplicationServices.framework/Versions/A/Frameworks/PrintCore.framework/Versions/A/PrintCore
0x0000000005edf000 	/System/Library/Frameworks/ApplicationServices.framework/Versions/A/Frameworks/QD.framework/Versions/A/QD
0x0000000005edf000 	/System/Library/Frameworks/ApplicationServices.framework/Versions/A/Frameworks/SpeechSynthesis.framework/Versions/A/SpeechSynthesis
0x0000000005edf000 	/System/Library/Frameworks/Accelerate.framework/Versions/A/Accelerate
0x0000000005edf000 	/System/Library/Frameworks/Accelerate.framework/Versions/A/Frameworks/vImage.framework/Versions/A/vImage
0x0000000005edf000 	/System/Library/Frameworks/Accelerate.framework/Versions/A/Frameworks/vecLib.framework/Versions/A/vecLib
0x0000000005edf000 	/System/Library/Frameworks/Accelerate.framework/Versions/A/Frameworks/vecLib.framework/Versions/A/libvDSP.dylib
0x0000000005edf000 	/System/Library/Frameworks/Accelerate.framework/Versions/A/Frameworks/vecLib.framework/Versions/A/libvMisc.dylib
0x0000000005edf000 	/System/Library/Frameworks/Accelerate.framework/Versions/A/Frameworks/vecLib.framework/Versions/A/libLAPACK.dylib
0x0000000005edf000 	/System/Library/Frameworks/Accelerate.framework/Versions/A/Frameworks/vecLib.framework/Versions/A/libBLAS.dylib
0x0000000005edf000 	/System/Library/Frameworks/Accelerate.framework/Versions/A/Frameworks/vecLib.framework/Versions/A/libLinearAlgebra.dylib
0x0000000005edf000 	/System/Library/Frameworks/ApplicationServices.framework/Versions/A/Frameworks/ATS.framework/Versions/A/Resources/libFontParser.dylib
0x0000000005edf000 	/System/Library/Frameworks/ApplicationServices.framework/Versions/A/Frameworks/ATS.framework/Versions/A/Resources/libFontRegistry.dylib
0x0000000005edf000 	/System/Library/PrivateFrameworks/AppleVPA.framework/Versions/A/AppleVPA
0x0000000005edf000 	/System/Library/PrivateFrameworks/AppleJPEG.framework/Versions/A/AppleJPEG
0x0000000005edf000 	/System/Library/Frameworks/ImageIO.framework/Versions/A/Resources/libJPEG.dylib
0x0000000005edf000 	/System/Library/Frameworks/ImageIO.framework/Versions/A/Resources/libTIFF.dylib
0x0000000005edf000 	/System/Library/Frameworks/ImageIO.framework/Versions/A/Resources/libPng.dylib
0x0000000005edf000 	/System/Library/Frameworks/ImageIO.framework/Versions/A/Resources/libGIF.dylib
0x0000000005edf000 	/System/Library/Frameworks/ImageIO.framework/Versions/A/Resources/libJP2.dylib
0x0000000005edf000 	/System/Library/Frameworks/ImageIO.framework/Versions/A/Resources/libRadiance.dylib
0x0000000005edf000 	/System/Library/Frameworks/CoreVideo.framework/Versions/A/CoreVideo
0x0000000005edf000 	/System/Library/Frameworks/OpenGL.framework/Versions/A/Libraries/libGLU.dylib
0x0000000005edf000 	/System/Library/Frameworks/OpenGL.framework/Versions/A/Libraries/libGFXShared.dylib
0x0000000005edf000 	/System/Library/Frameworks/OpenGL.framework/Versions/A/Libraries/libGL.dylib
0x0000000005edf000 	/System/Library/Frameworks/OpenGL.framework/Versions/A/Libraries/libGLImage.dylib
0x0000000005edf000 	/System/Library/Frameworks/OpenGL.framework/Versions/A/Libraries/libCVMSPluginSupport.dylib
0x0000000005edf000 	/System/Library/Frameworks/OpenGL.framework/Versions/A/Libraries/libCoreVMClient.dylib
0x0000000005edf000 	/usr/lib/libcups.2.dylib
0x0000000005edf000 	/System/Library/Frameworks/Kerberos.framework/Versions/A/Kerberos
0x0000000005edf000 	/System/Library/Frameworks/GSS.framework/Versions/A/GSS
0x0000000005edf000 	/usr/lib/libresolv.9.dylib
0x0000000005edf000 	/System/Library/PrivateFrameworks/Heimdal.framework/Versions/A/Heimdal
0x0000000005edf000 	/usr/lib/libheimdal-asn1.dylib
0x0000000005edf000 	/System/Library/Frameworks/OpenDirectory.framework/Versions/A/OpenDirectory
0x0000000005edf000 	/System/Library/PrivateFrameworks/CommonAuth.framework/Versions/A/CommonAuth
0x0000000005edf000 	/System/Library/Frameworks/SecurityFoundation.framework/Versions/A/SecurityFoundation
0x0000000005edf000 	/System/Library/Frameworks/QuartzCore.framework/Versions/A/Frameworks/CoreImage.framework/Versions/A/CoreImage
0x0000000005edf000 	/System/Library/PrivateFrameworks/CrashReporterSupport.framework/Versions/A/CrashReporterSupport
0x0000000005edf000 	/System/Library/Frameworks/OpenCL.framework/Versions/A/OpenCL
0x0000000005edf000 	/System/Library/PrivateFrameworks/FaceCore.framework/Versions/A/FaceCore
0x0000000005edf000 	/System/Library/PrivateFrameworks/Ubiquity.framework/Versions/A/Ubiquity
0x0000000005edf000 	/System/Library/PrivateFrameworks/IconServices.framework/Versions/A/IconServices
0x0000000005edf000 	/System/Library/PrivateFrameworks/ChunkingLibrary.framework/Versions/A/ChunkingLibrary
0x0000000005edf000 	/System/Library/PrivateFrameworks/Apple80211.framework/Versions/A/Apple80211
0x0000000005edf000 	/System/Library/Frameworks/CoreWLAN.framework/Versions/A/CoreWLAN
0x0000000005edf000 	/System/Library/Frameworks/IOBluetooth.framework/Versions/A/IOBluetooth
0x0000000005edf000 	/System/Library/PrivateFrameworks/CoreWiFi.framework/Versions/A/CoreWiFi
0x0000000005edf000 	/System/Library/Frameworks/CoreBluetooth.framework/Versions/A/CoreBluetooth
0x0000000005edf000 	/System/Library/PrivateFrameworks/DebugSymbols.framework/Versions/A/DebugSymbols
0x0000000005edf000 	/System/Library/PrivateFrameworks/CoreSymbolication.framework/Versions/A/CoreSymbolication
0x0000000005edf000 	/System/Library/PrivateFrameworks/Symbolication.framework/Versions/A/Symbolication
0x0000000005edf000 	/System/Library/PrivateFrameworks/SpeechRecognitionCore.framework/Versions/A/SpeechRecognitionCore
0x00000000468ee000 	/System/Library/CoreServices/Encodings/libCyrillicConverter.dylib
0x0000000101600000 	/Library/Java/JavaVirtualMachines/jdk1.8.0_25.jdk/Contents/Home/jre/lib/server/libjvm.dylib
0x0000000005edf000 	/usr/lib/libstdc++.6.dylib
0x0000000100dc0000 	/Library/Java/JavaVirtualMachines/jdk1.8.0_25.jdk/Contents/Home/jre/lib/libverify.dylib
0x000000010251c000 	/Library/Java/JavaVirtualMachines/jdk1.8.0_25.jdk/Contents/Home/jre/lib/libjava.dylib
0x0000000100dd8000 	/Library/Java/JavaVirtualMachines/jdk1.8.0_25.jdk/Contents/Home/jre/lib/libzip.dylib
0x0000000116047000 	/System/Library/Frameworks/JavaVM.framework/Frameworks/JavaRuntimeSupport.framework/JavaRuntimeSupport
0x000000011605f000 	/System/Library/Frameworks/JavaVM.framework/Versions/A/Frameworks/JavaNativeFoundation.framework/Versions/A/JavaNativeFoundation
0x0000000116074000 	/System/Library/Frameworks/JavaVM.framework/Versions/A/JavaVM
0x0000000005edf000 	/System/Library/Frameworks/Carbon.framework/Versions/A/Carbon
0x0000000116081000 	/System/Library/PrivateFrameworks/JavaLaunching.framework/Versions/A/JavaLaunching
0x0000000005edf000 	/System/Library/Frameworks/Carbon.framework/Versions/A/Frameworks/CommonPanels.framework/Versions/A/CommonPanels
0x0000000005edf000 	/System/Library/Frameworks/Carbon.framework/Versions/A/Frameworks/Help.framework/Versions/A/Help
0x0000000005edf000 	/System/Library/Frameworks/Carbon.framework/Versions/A/Frameworks/ImageCapture.framework/Versions/A/ImageCapture
0x0000000005edf000 	/System/Library/Frameworks/Carbon.framework/Versions/A/Frameworks/OpenScripting.framework/Versions/A/OpenScripting
0x0000000005edf000 	/System/Library/Frameworks/Carbon.framework/Versions/A/Frameworks/Print.framework/Versions/A/Print
0x0000000005edf000 	/System/Library/Frameworks/Carbon.framework/Versions/A/Frameworks/SecurityHI.framework/Versions/A/SecurityHI
0x0000000118061000 	/Library/Java/JavaVirtualMachines/jdk1.8.0_25.jdk/Contents/Home/jre/lib/libprism_es2.dylib
0x0000000005edf000 	/System/Library/Frameworks/OpenGL.framework/Versions/A/Resources/GLEngine.bundle/GLEngine
0x0000000005edf000 	/System/Library/Frameworks/OpenGL.framework/Versions/A/Libraries/libGLProgrammability.dylib
0x0000000000000000 	/System/Library/Extensions/AppleIntelHD4000GraphicsGLDriver.bundle/Contents/MacOS/AppleIntelHD4000GraphicsGLDriver
0x0000000005edf000 	/System/Library/PrivateFrameworks/IOAccelerator.framework/Versions/A/IOAccelerator
0x0000000005edf000 	/System/Library/PrivateFrameworks/GPUSupport.framework/Versions/A/Libraries/libGPUSupportMercury.dylib
0x0000000005edf000 	/System/Library/Frameworks/OpenGL.framework/Versions/A/Resources/GLRendererFloat.bundle/GLRendererFloat
0x0000000005edf000 	/System/Library/Frameworks/OpenCL.framework/Versions/A/Libraries/libcldcpuengine.dylib
0x0000000005edf000 	/System/Library/PrivateFrameworks/DiskImages.framework/Versions/A/DiskImages
0x0000000005edf000 	/System/Library/Frameworks/DiscRecording.framework/Versions/A/DiscRecording
0x0000000005edf000 	/usr/lib/libcsfde.dylib
0x0000000005edf000 	/usr/lib/libcurl.4.dylib
0x0000000005edf000 	/System/Library/PrivateFrameworks/MediaKit.framework/Versions/A/MediaKit
0x0000000005edf000 	/System/Library/PrivateFrameworks/ProtectedCloudStorage.framework/Versions/A/ProtectedCloudStorage
0x0000000005edf000 	/usr/lib/libCoreStorage.dylib
0x0000000005edf000 	/System/Library/PrivateFrameworks/EFILogin.framework/Versions/A/EFILogin
0x0000000005edf000 	/usr/lib/libutil.dylib
0x0000000005edf000 	/System/Library/PrivateFrameworks/FindMyDevice.framework/Versions/A/FindMyDevice
0x0000000005edf000 	/System/Library/Frameworks/LDAP.framework/Versions/A/LDAP
0x0000000005edf000 	/usr/lib/libsasl2.2.dylib
0x0000000005edf000 	/System/Library/PrivateFrameworks/CoreDaemon.framework/Versions/B/CoreDaemon
0x0000000005edf000 	/usr/lib/libcrypto.0.9.8.dylib
0x0000000005edf000 	/System/Library/PrivateFrameworks/AppleSRP.framework/Versions/A/AppleSRP
0x0000000005edf000 	/System/Library/PrivateFrameworks/TrustEvaluationAgent.framework/Versions/A/TrustEvaluationAgent
0x000000011850d000 	/Library/Java/JavaVirtualMachines/jdk1.8.0_25.jdk/Contents/Home/jre/lib/libglass.dylib
0x0000000005edf000 	/System/Library/PrivateFrameworks/CoreServicesInternal.framework/Versions/A/CoreServicesInternal
0x0000000005edf000 	/System/Library/PrivateFrameworks/CloudDocs.framework/Versions/A/CloudDocs
0x0000000005edf000 	/System/Library/PrivateFrameworks/CoreDuet.framework/Versions/A/CoreDuet
0x0000000005edf000 	/System/Library/Frameworks/CloudKit.framework/Versions/A/CloudKit
0x0000000005edf000 	/System/Library/PrivateFrameworks/ProtocolBuffer.framework/Versions/A/ProtocolBuffer
0x0000000005edf000 	/System/Library/PrivateFrameworks/CoreDuetDaemonProtocol.framework/Versions/A/CoreDuetDaemonProtocol
0x0000000005edf000 	/System/Library/PrivateFrameworks/CoreDuetDebugLogging.framework/Versions/A/CoreDuetDebugLogging
0x0000000005edf000 	/System/Library/Frameworks/CoreLocation.framework/Versions/A/CoreLocation
0x0000000005edf000 	/System/Library/Frameworks/Accounts.framework/Versions/A/Accounts
0x0000000005edf000 	/System/Library/PrivateFrameworks/ApplePushService.framework/Versions/A/ApplePushService
0x0000000005edf000 	/System/Library/PrivateFrameworks/GeoServices.framework/Versions/A/GeoServices
0x0000000005edf000 	/System/Library/PrivateFrameworks/OAuth.framework/Versions/A/OAuth
0x0000000005edf000 	/System/Library/Frameworks/CoreGraphics.framework/Versions/A/Resources/libCGCMS.A.dylib
0x0000000119941000 	/System/Library/CoreServices/RawCamera.bundle/Contents/MacOS/RawCamera
0x0000000005edf000 	/System/Library/Frameworks/CoreGraphics.framework/Versions/A/Resources/libRIP.A.dylib
0x0000000005edf000 	/System/Library/PrivateFrameworks/FamilyControls.framework/Versions/A/FamilyControls
0x0000000005edf000 	/System/Library/PrivateFrameworks/CommerceKit.framework/Versions/A/Frameworks/CommerceCore.framework/Versions/A/CommerceCore
0x0000000005edf000 	/System/Library/PrivateFrameworks/SystemAdministration.framework/Versions/A/SystemAdministration
0x0000000005edf000 	/System/Library/PrivateFrameworks/AppContainer.framework/Versions/A/AppContainer
0x0000000005edf000 	/System/Library/PrivateFrameworks/SecCodeWrapper.framework/Versions/A/SecCodeWrapper
0x0000000005edf000 	/System/Library/Frameworks/DirectoryService.framework/Versions/A/DirectoryService
0x0000000005edf000 	/System/Library/PrivateFrameworks/LoginUIKit.framework/Versions/A/Frameworks/LoginUICore.framework/Versions/A/LoginUICore
0x0000000005edf000 	/usr/lib/libodfde.dylib
0x000000011be6a000 	/Library/Java/JavaVirtualMachines/jdk1.8.0_25.jdk/Contents/Home/jre/lib/libjavafx_font.dylib
0x0000000005edf000 	/System/Library/Frameworks/CoreGraphics.framework/Versions/A/Resources/libCGXType.A.dylib
0x000000011c685000 	/Library/Java/JavaVirtualMachines/jdk1.8.0_25.jdk/Contents/Home/jre/lib/libprism_common.dylib
0x000000011c6b2000 	cl_kernels
0x000000011f4ac000 	/System/Library/Frameworks/OpenCL.framework/Versions/A/Libraries/ImageFormats/unorm8_bgra.dylib
0x000000011ddd8000 	cl_kernels
0x0000000005edf000 	/System/Library/PrivateFrameworks/FinderKit.framework/Versions/A/FinderKit
0x0000000005edf000 	/System/Library/PrivateFrameworks/Suggestions.framework/Versions/A/Suggestions
0x0000000005edf000 	/System/Library/Frameworks/Quartz.framework/Versions/A/Frameworks/QuickLookUI.framework/Versions/A/QuickLookUI
0x0000000005edf000 	/System/Library/Frameworks/Quartz.framework/Versions/A/Frameworks/ImageKit.framework/Versions/A/ImageKit
0x0000000005edf000 	/System/Library/PrivateFrameworks/Bom.framework/Versions/A/Bom
0x0000000005edf000 	/System/Library/Frameworks/QuickLook.framework/Versions/A/QuickLook
0x0000000005edf000 	/System/Library/PrivateFrameworks/AppleSystemInfo.framework/Versions/A/AppleSystemInfo
0x0000000005edf000 	/System/Library/Frameworks/ImageCaptureCore.framework/Versions/A/ImageCaptureCore
0x0000000005edf000 	/System/Library/Frameworks/AddressBook.framework/Versions/A/AddressBook
0x0000000005edf000 	/System/Library/PrivateFrameworks/IntlPreferences.framework/Versions/A/IntlPreferences
0x0000000005edf000 	/System/Library/PrivateFrameworks/ToneLibrary.framework/Versions/A/ToneLibrary
0x0000000005edf000 	/System/Library/PrivateFrameworks/ToneKit.framework/Versions/A/ToneKit
0x0000000005edf000 	/System/Library/PrivateFrameworks/vCard.framework/Versions/A/vCard
0x0000000005edf000 	/System/Library/PrivateFrameworks/ContactsData.framework/Versions/A/ContactsData
0x0000000005edf000 	/System/Library/PrivateFrameworks/ContactsFoundation.framework/Versions/A/ContactsFoundation
0x0000000005edf000 	/System/Library/Frameworks/SecurityInterface.framework/Versions/A/SecurityInterface
0x0000000005edf000 	/System/Library/PrivateFrameworks/PhoneNumbers.framework/Versions/A/PhoneNumbers
0x0000000005edf000 	/System/Library/Frameworks/Quartz.framework/Versions/A/Quartz
0x0000000005edf000 	/System/Library/Frameworks/AVFoundation.framework/Versions/A/AVFoundation
0x0000000005edf000 	/System/Library/Frameworks/AVFoundation.framework/Versions/A/Resources/libAVFAudio.dylib
0x0000000005edf000 	/System/Library/Frameworks/CoreMedia.framework/Versions/A/CoreMedia
0x0000000005edf000 	/System/Library/Frameworks/MediaToolbox.framework/Versions/A/MediaToolbox
0x0000000005edf000 	/System/Library/Frameworks/VideoToolbox.framework/Versions/A/VideoToolbox
0x0000000005edf000 	/System/Library/Frameworks/CoreMediaIO.framework/Versions/A/CoreMediaIO
0x0000000005edf000 	/System/Library/PrivateFrameworks/MediaControlSender.framework/Versions/A/MediaControlSender
0x0000000005edf000 	/System/Library/PrivateFrameworks/CoreAVCHD.framework/Versions/A/CoreAVCHD
0x0000000005edf000 	/System/Library/Frameworks/MediaAccessibility.framework/Versions/A/MediaAccessibility
0x0000000005edf000 	/System/Library/PrivateFrameworks/Mangrove.framework/Versions/A/Mangrove
0x0000000005edf000 	/System/Library/PrivateFrameworks/CoreAUC.framework/Versions/A/CoreAUC
0x0000000005edf000 	/System/Library/PrivateFrameworks/NetworkStatistics.framework/Versions/A/NetworkStatistics
0x0000000005edf000 	/System/Library/PrivateFrameworks/AirPlaySupport.framework/Versions/A/AirPlaySupport
0x0000000005edf000 	/System/Library/PrivateFrameworks/CoreUtils.framework/Versions/A/CoreUtils
0x0000000005edf000 	/System/Library/PrivateFrameworks/AppleVA.framework/Versions/A/AppleVA
0x0000000005edf000 	/System/Library/PrivateFrameworks/XPCService.framework/Versions/A/XPCService
0x0000000005edf000 	/System/Library/PrivateFrameworks/AppSandbox.framework/Versions/A/AppSandbox
0x0000000005edf000 	/usr/lib/libsandbox.1.dylib
0x0000000005edf000 	/usr/lib/libMatch.1.dylib
0x0000000005edf000 	/usr/lib/libspindump.dylib
0x0000000005edf000 	/System/Library/Frameworks/QTKit.framework/Versions/A/QTKit
0x0000000005edf000 	/System/Library/PrivateFrameworks/CoreMediaAuthoring.framework/Versions/A/CoreMediaAuthoring
0x0000000005edf000 	/System/Library/Frameworks/Quartz.framework/Versions/A/Frameworks/QuartzComposer.framework/Versions/A/QuartzComposer
0x0000000005edf000 	/System/Library/Frameworks/Quartz.framework/Versions/A/Frameworks/PDFKit.framework/Versions/A/PDFKit
0x0000000005edf000 	/System/Library/Frameworks/Quartz.framework/Versions/A/Frameworks/QuartzFilters.framework/Versions/A/QuartzFilters
0x0000000005edf000 	/System/Library/Frameworks/JavaScriptCore.framework/Versions/A/JavaScriptCore
0x0000000005edf000 	/System/Library/PrivateFrameworks/CorePDF.framework/Versions/A/CorePDF
0x0000000005edf000 	/System/Library/PrivateFrameworks/DisplayServices.framework/Versions/A/DisplayServices
0x0000000005edf000 	/System/Library/PrivateFrameworks/AppleFSCompression.framework/Versions/A/AppleFSCompression
0x000000011fb62000 	/System/Library/PrivateFrameworks/CacheDelete.framework/CacheDelete
0x0000000005edf000 	/System/Library/PrivateFrameworks/PlugInKit.framework/Versions/A/PlugInKit
0x00000001205b6000 	/System/Library/Frameworks/OpenCL.framework/Versions/A/Libraries/ImageFormats/unorm8_rgba.dylib
0x000000011febd000 	cl_kernels
0x00000001209df000 	cl_kernels
0x00000001209e3000 	cl_kernels
0x0000000120a2d000 	/System/Library/PrivateFrameworks/FileProvider.framework/FileProvider
0x000000011fe4b000 	/System/Library/Frameworks/Security.framework/PlugIns/csparser.bundle/Contents/MacOS/csparser

VM Arguments:
jvm_args: -Dfile.encoding=UTF-8 
java_command: application.Main
java_class_path (initial): /Users/polinatagirova/Documents/ws/KDD-GitHub/bin:/Users/polinatagirova/Downloads/eclipse 2/plugins/org.eclipse.fx.ide.css.jfx8_1.0.0.201408150702.jar
Launcher Type: SUN_STANDARD

Environment Variables:
PATH=/usr/bin:/bin:/usr/sbin:/sbin
SHELL=/bin/bash

Signal Handlers:
SIGSEGV: [libjvm.dylib+0x579dc7], sa_mask[0]=11111111011111110111111111111111, sa_flags=SA_ONSTACK|SA_RESTART|SA_SIGINFO
SIGBUS: [libjvm.dylib+0x579dc7], sa_mask[0]=11111111011111110111111111111111, sa_flags=SA_RESTART|SA_SIGINFO
SIGFPE: [libjvm.dylib+0x45b030], sa_mask[0]=11111111011111110111111111111111, sa_flags=SA_RESTART|SA_SIGINFO
SIGPIPE: [libjvm.dylib+0x45b030], sa_mask[0]=11111111011111110111111111111111, sa_flags=SA_RESTART|SA_SIGINFO
SIGXFSZ: [libjvm.dylib+0x45b030], sa_mask[0]=11111111011111110111111111111111, sa_flags=SA_RESTART|SA_SIGINFO
SIGILL: [libjvm.dylib+0x45b030], sa_mask[0]=11111111011111110111111111111111, sa_flags=SA_RESTART|SA_SIGINFO
SIGUSR1: SIG_DFL, sa_mask[0]=00000000000000000000000000000000, sa_flags=none
SIGUSR2: [libjvm.dylib+0x45ab4e], sa_mask[0]=00100000000000000000000000000000, sa_flags=SA_RESTART|SA_SIGINFO
SIGHUP: [libjvm.dylib+0x459121], sa_mask[0]=11111111011111110111111111111111, sa_flags=SA_RESTART|SA_SIGINFO
SIGINT: [libjvm.dylib+0x459121], sa_mask[0]=11111111011111110111111111111111, sa_flags=SA_RESTART|SA_SIGINFO
SIGTERM: [libjvm.dylib+0x459121], sa_mask[0]=11111111011111110111111111111111, sa_flags=SA_RESTART|SA_SIGINFO
SIGQUIT: [libjvm.dylib+0x459121], sa_mask[0]=11111111011111110111111111111111, sa_flags=SA_RESTART|SA_SIGINFO


---------------  S Y S T E M  ---------------

OS:Bsduname:Darwin 14.0.0 Darwin Kernel Version 14.0.0: Fri Sep 19 00:26:44 PDT 2014; root:xnu-2782.1.97~2/RELEASE_X86_64 x86_64
rlimit: STACK 8192k, CORE 0k, NPROC 709, NOFILE 10240, AS infinity
load average:2.06 2.17 2.23

CPU:total 4 (2 cores per cpu, 2 threads per core) family 6 model 58 stepping 9, cmov, cx8, fxsr, mmx, sse, sse2, sse3, ssse3, sse4.1, sse4.2, popcnt, avx, aes, clmul, erms, ht, tsc, tscinvbit, tscinv

Memory: 4k page, physical 4194304k(101840k free)

/proc/meminfo:


vm_info: Java HotSpot(TM) 64-Bit Server VM (25.25-b02) for bsd-amd64 JRE (1.8.0_25-b17), built on Sep 17 2014 16:56:50 by "java_re" with gcc 4.2.1 (Based on Apple Inc. build 5658) (LLVM build 2336.11.00)

time: Sun Jan 11 18:56:14 2015
elapsed time: 447 seconds (0d 0h 7m 27s)

